Loading: 
Loading: 0 packages loaded
Analyzing: target @com_github_hoxu_gitstats//:gitstats (0 packages loaded, 0 targets configured)
INFO: Analyzed target @com_github_hoxu_gitstats//:gitstats (0 packages loaded, 0 targets configured).
INFO: Found 1 target...
[0 / 1] [Prepa] BazelWorkspaceStatusAction stable-status.txt
INFO: Elapsed time: 0.089s, Critical Path: 0.00s
INFO: 1 process: 1 internal.
INFO: Build completed successfully, 1 total action
INFO: Running command line: /private/var/tmp/_bazel_greg/5a3903bd8af21b75debc3e83e189ff0b/external/com_github_hoxu_gitstats/gitstats clones/bazelbuild/community stats/bazelbuild/community
INFO: Build completed successfully, 1 total action
[0.04080] >> gnuplot --version
Output path: /Users/greg/aspect/bazel_git_stats/stats/bazelbuild/community
Git path: clones/bazelbuild/community
Collecting data...
[0.02522] >> git shortlog -s HEAD | wc -l
[0.01552] >> git show-ref --tags
[0.01615] >> git rev-list --pretty=format:"%at %ai %aN <%aE>" HEAD | grep -v ^commit
[0.01572] >> git rev-list --pretty=format:"%at %T" HEAD | grep -v ^commit
[0.02161] >> git ls-tree -r --name-only "8f57a99980891ccc68701b94b94342f7ae0e02d6" | wc -l
[0.02187] >> git ls-tree -r --name-only "d9c08714dd2b719057f4412a564b0c52a7555546" | wc -l
[0.02234] >> git ls-tree -r --name-only "dd17159c316256686eabd04efc4f6715b94cc949" | wc -l
[0.02233] >> git ls-tree -r --name-only "2d494bab6fe5e557637a5e34d86b2b5bc8c32cf7" | wc -l
[0.02268] >> git ls-tree -r --name-only "dd17159c316256686eabd04efc4f6715b94cc949" | wc -l
[0.02276] >> git ls-tree -r --name-only "c30a0f0f27b03ec8fc29936160239615f6749479" | wc -l
[0.02242] >> git ls-tree -r --name-only "dd4ef477eb653efa43a7dde35ec3fec7c1231282" | wc -l
[0.02290] >> git ls-tree -r --name-only "15fdaf17a4c8aaad4c32056ad284a5b00f6b09eb" | wc -l
[0.01915] >> git ls-tree -r -l -z HEAD
[0.01915] >> git cat-file blob 956cd30a490fa4361722c35c1fce2a1ed8d36b08 | wc -l
[0.01944] >> git cat-file blob 7f793ac605447dd54cf392d1cf97746846291168 | wc -l
[0.01954] >> git cat-file blob 7a61eab868e5fa85d4ee25db35acd55426bdc57a | wc -l
[0.01970] >> git cat-file blob 261eeb9e9f8b2b4b0d119366dda99c6fd7d35c64 | wc -l
[0.01929] >> git cat-file blob d480f59a4cf1ffb6461f0ae2829e93ad3486df31 | wc -l
fatal: not a git repository: '/private/var/tmp/_bazel_greg/5a3903bd8af21b75debc3e83e189ff0b/external/com_github_hoxu_gitstats/.git'
[0.02446] >> git log --shortstat --first-parent -m --pretty=format:"%at %aN" HEAD
[0.01913] >> git log --shortstat --date-order --pretty=format:"%at %aN" HEAD
Refining data...
Saving cache...
Generating report...
[0.01531] >> git --git-dir=/private/var/tmp/_bazel_greg/5a3903bd8af21b75debc3e83e189ff0b/external/com_github_hoxu_gitstats/.git --work-tree=/private/var/tmp/_bazel_greg/5a3903bd8af21b75debc3e83e189ff0b/external/com_github_hoxu_gitstats rev-parse --short HEAD
[0.01484] >> git --version
[0.04123] >> gnuplot --version
Generating graphs...
[0.06830] >> gnuplot "/Users/greg/aspect/bazel_git_stats/stats/bazelbuild/community/month_of_year.plot"
[0.06330] >> gnuplot "/Users/greg/aspect/bazel_git_stats/stats/bazelbuild/community/domains.plot"
[0.06165] >> gnuplot "/Users/greg/aspect/bazel_git_stats/stats/bazelbuild/community/hour_of_day.plot"
[0.06577] >> gnuplot "/Users/greg/aspect/bazel_git_stats/stats/bazelbuild/community/lines_of_code_by_author.plot"
[0.06101] >> gnuplot "/Users/greg/aspect/bazel_git_stats/stats/bazelbuild/community/day_of_week.plot"
[0.06472] >> gnuplot "/Users/greg/aspect/bazel_git_stats/stats/bazelbuild/community/commits_by_year_month.plot"
[0.06345] >> gnuplot "/Users/greg/aspect/bazel_git_stats/stats/bazelbuild/community/lines_of_code.plot"
[0.06094] >> gnuplot "/Users/greg/aspect/bazel_git_stats/stats/bazelbuild/community/commits_by_year.plot"
[0.06580] >> gnuplot "/Users/greg/aspect/bazel_git_stats/stats/bazelbuild/community/commits_by_author.plot"
[0.06161] >> gnuplot "/Users/greg/aspect/bazel_git_stats/stats/bazelbuild/community/files_by_date.plot"
Execution time 1.13636 secs, 0.88409 secs (77.80 %) in external commands)
You may now run:

   sensible-browser '/Users/greg/aspect/bazel_git_stats/stats/bazelbuild/community/index.html'

