Loading: 
Loading: 0 packages loaded
Analyzing: target @com_github_hoxu_gitstats//:gitstats (0 packages loaded, 0 targets configured)
INFO: Analyzed target @com_github_hoxu_gitstats//:gitstats (0 packages loaded, 0 targets configured).
INFO: Found 1 target...
[0 / 1] [Prepa] BazelWorkspaceStatusAction stable-status.txt
INFO: Elapsed time: 0.122s, Critical Path: 0.00s
INFO: 1 process: 1 internal.
INFO: Build completed successfully, 1 total action
INFO: Running command line: /private/var/tmp/_bazel_greg/5a3903bd8af21b75debc3e83e189ff0b/external/com_github_hoxu_gitstats/gitstats clones/bazelbuild/rules_groovy stats/bazelbuild/rules_groovy
INFO: Build completed successfully, 1 total action
[0.04024] >> gnuplot --version
Output path: /Users/greg/aspect/bazel_git_stats/stats/bazelbuild/rules_groovy
Git path: clones/bazelbuild/rules_groovy
Collecting data...
[0.02219] >> git shortlog -s HEAD | wc -l
[0.01631] >> git show-ref --tags
[0.01631] >> git log "090e3d815c383e5c0daba8d7f658a5872f13e916" --pretty=format:"%at %aN" -n 1
[0.01601] >> git log "3119189bcdedeff05ea697124d83cf919866ce73" --pretty=format:"%at %aN" -n 1
[0.01603] >> git log "6b8e32ce0f7e33ae1b859706c2dc0c169b966e7e" --pretty=format:"%at %aN" -n 1
[0.01583] >> git log "c338360fbda063f9313d122a83c28fd3a4e9bad6" --pretty=format:"%at %aN" -n 1
[0.01599] >> git log "48e073e9b2d3c46ea6c68432f68063e286499f2a" --pretty=format:"%at %aN" -n 1
[0.01613] >> git log "06ce2506bc4d1c4a66e548b03df329e95259670d" --pretty=format:"%at %aN" -n 1
[0.01618] >> git shortlog -s "0.0.1"
[0.01593] >> git shortlog -s "0.0.2" "^0.0.1"
[0.01567] >> git shortlog -s "0.0.3" "^0.0.2"
[0.01559] >> git shortlog -s "0.0.4" "^0.0.3"
[0.01634] >> git shortlog -s "0.0.5" "^0.0.4"
[0.01610] >> git shortlog -s "0.0.6" "^0.0.5"
[0.01755] >> git rev-list --pretty=format:"%at %ai %aN <%aE>" HEAD | grep -v ^commit
[0.01674] >> git rev-list --pretty=format:"%at %T" HEAD | grep -v ^commit
[0.02085] >> git ls-tree -r --name-only "6977c08b4effb38b596daa481bfbae322904ade7" | wc -l
[0.02247] >> git ls-tree -r --name-only "43085e8f4380004396f587615aaf0a8c78621a02" | wc -l
[0.02421] >> git ls-tree -r --name-only "9fcde11f256334231cefda51cbd15f7b8727565b" | wc -l
[0.02217] >> git ls-tree -r --name-only "1b8e666ba9d4fed00fe530e2a41810a82e12206c" | wc -l
[0.02152] >> git ls-tree -r --name-only "fc54cab48511640dab4b3fde3985121609227898" | wc -l
[0.02192] >> git ls-tree -r --name-only "0b1aa48cc1736e072795d119b5309e0e39a3948b" | wc -l
[0.02203] >> git ls-tree -r --name-only "7587d2f722ccd5c433aeb9e673f10d73c0b0e9d9" | wc -l
[0.02226] >> git ls-tree -r --name-only "41f02b7136c9d14e9ec4c57f1144df7848fca1d0" | wc -l
[0.02237] >> git ls-tree -r --name-only "f8ef51bdb1ab3690ba5305e234fbc81de5e80795" | wc -l
[0.02103] >> git ls-tree -r --name-only "de61313570fe6a0c2620f92577f60f555fe91592" | wc -l
[0.02312] >> git ls-tree -r --name-only "bbe0b1438695de42a08416cec1068573707677f7" | wc -l
[0.02331] >> git ls-tree -r --name-only "a48091c7fb6b14c03c4639be89b2bbdd5f31e9cb" | wc -l
[0.02167] >> git ls-tree -r --name-only "e87c3481ee73b46a8197873028084f5d460928e8" | wc -l
[0.02212] >> git ls-tree -r --name-only "6d99a1bfccd452dc1037954ab1a2928b8f2cf00f" | wc -l
[0.02313] >> git ls-tree -r --name-only "a3f76b607413e6c69cda62b77ee1ac266f6915e0" | wc -l
[0.02224] >> git ls-tree -r --name-only "2e1867e3c810ba00f59ba7c69e57fd686440912c" | wc -l
[0.02132] >> git ls-tree -r --name-only "f301e3b39d05847c7fa3018d4058164c9d4d1765" | wc -l
[0.02218] >> git ls-tree -r --name-only "9fde9a5a8c2defd1dd9c59a1c8c65c46b4406dcb" | wc -l
[0.02056] >> git ls-tree -r --name-only "62cc45e19cee795e6fd7f65136fa42eb46e09102" | wc -l
[0.02197] >> git ls-tree -r --name-only "1fd2bf29a1fe9f138b1bf356e03ff0d8133cc6b1" | wc -l
[0.02350] >> git ls-tree -r --name-only "f2dad738672c23f594049954e04580d02e477e22" | wc -l
[0.02141] >> git ls-tree -r --name-only "583e822d869e6a2675015b1cfd529156c39b6a04" | wc -l
[0.02275] >> git ls-tree -r --name-only "3dcd9ef8aa2cf91079b6f5a4454d4166ebfbc6d1" | wc -l
[0.02273] >> git ls-tree -r --name-only "87b674eef2e9d9e66ad9c574443ed9bf70b4ac30" | wc -l
[0.02243] >> git ls-tree -r --name-only "a362359b43b5a4a596cfae7153e3e01adb36b2e6" | wc -l
[0.02287] >> git ls-tree -r --name-only "5f868f5611bc0bf40071bc591787c496521bd9e1" | wc -l
[0.02177] >> git ls-tree -r --name-only "8202c0b50a088391279bd60474b55543ff31b113" | wc -l
[0.02129] >> git ls-tree -r --name-only "12a2022680d760e4e8392963acfd8c9990f91f5a" | wc -l
[0.02355] >> git ls-tree -r --name-only "1ca7a66d12b22d5c9ff398a36b98ff84c75520b7" | wc -l
[0.02304] >> git ls-tree -r --name-only "0eb13215a5f518cb4924075b166deb92257f8b27" | wc -l
[0.02050] >> git ls-tree -r --name-only "c798e956cc9e892e9d3e74ead167b07101de5831" | wc -l
[0.02206] >> git ls-tree -r --name-only "3cbf09a5c2005171da68b717795ce1fcfda63013" | wc -l
[0.02241] >> git ls-tree -r --name-only "1b8e666ba9d4fed00fe530e2a41810a82e12206c" | wc -l
[0.02181] >> git ls-tree -r --name-only "02fb63f7f190f7575ca8385b3b67dbbcf292333b" | wc -l
[0.02269] >> git ls-tree -r --name-only "cd8a2b4d077ca6ec7d5176bb30886f05e73a4057" | wc -l
[0.02351] >> git ls-tree -r --name-only "8585b5a7d0598cb2d6907d4929ad7a61e5f6c3cd" | wc -l
[0.02045] >> git ls-tree -r --name-only "01571a416fbad2e2e2b3a73aa0d5e2fbb8645e55" | wc -l
[0.02285] >> git ls-tree -r --name-only "ae45ead73624be56109e7381bf8fdcf7bd36e3e5" | wc -l
[0.02368] >> git ls-tree -r --name-only "931d686958e421e1bbee07ce91290cb8f0d7f81d" | wc -l
[0.02099] >> git ls-tree -r --name-only "87b674eef2e9d9e66ad9c574443ed9bf70b4ac30" | wc -l
[0.02204] >> git ls-tree -r --name-only "e4e266648e5813e8ac70bffce0a2af90a74c36f0" | wc -l
[0.02363] >> git ls-tree -r --name-only "318c1d330b556202d09a88ea1cc66fbb903e2b96" | wc -l
[0.02174] >> git ls-tree -r --name-only "3233806085fe659a74f1b7bba8b7a55a2630ca4a" | wc -l
[0.02261] >> git ls-tree -r --name-only "572dbad1cb633fd4f63c72ebc758eadaef9b0fc5" | wc -l
[0.02230] >> git ls-tree -r --name-only "c071d1668420be9a06c21dd92f1d428ca649650e" | wc -l
[0.02045] >> git ls-tree -r --name-only "603ebe02c23df2a41d080d5f45fd2cf5b3a11cba" | wc -l
[0.02197] >> git ls-tree -r --name-only "30d583303a68c5fda73fb007a88dee81c53bf3f7" | wc -l
[0.02432] >> git ls-tree -r --name-only "837cd546e0d37796466e8cd205ffc07f8a5c659a" | wc -l
[0.02149] >> git ls-tree -r --name-only "b1cfe2c5042119100a3a6602b58707e549a1af73" | wc -l
[0.02257] >> git ls-tree -r --name-only "b1cfe2c5042119100a3a6602b58707e549a1af73" | wc -l
[0.02258] >> git ls-tree -r --name-only "c0514a61dc3c1dd95bb926094db9f876cf438056" | wc -l
[0.02143] >> git ls-tree -r --name-only "90736b391348fac9209b0194091b3be2d8c4def8" | wc -l
[0.02237] >> git ls-tree -r --name-only "cfec9b96720961296879ddefc2c44cd1e7b70425" | wc -l
[0.02296] >> git ls-tree -r --name-only "f437b785079a373316508c6e044b9cc3e7014675" | wc -l
[0.02115] >> git ls-tree -r --name-only "1eaad441764eccfad120fdbe8722fbf6198c542c" | wc -l
[0.02154] >> git ls-tree -r --name-only "c32da233842fd45687dd1a28565772b0cc67d721" | wc -l
[0.02470] >> git ls-tree -r --name-only "cdb28b8a7ef1468e732f910dfc65311a389140a4" | wc -l
[0.01999] >> git ls-tree -r --name-only "c0514a61dc3c1dd95bb926094db9f876cf438056" | wc -l
[0.02236] >> git ls-tree -r --name-only "0e56440e9483d4891bc9f46b303b65e5e9d95f48" | wc -l
[0.02236] >> git ls-tree -r --name-only "8a98276f87270a550f6a06abbc08379a5f98c4ec" | wc -l
[0.02298] >> git ls-tree -r --name-only "02260bab929b6f8e15c66925d7910618802ebc84" | wc -l
[0.02193] >> git ls-tree -r --name-only "760282fcd530027c57167c967e6444655e6070d3" | wc -l
[0.02272] >> git ls-tree -r --name-only "38420676051f2938e5f5f2bff697f7eaa60aa53a" | wc -l
[0.01641] >> git ls-tree -r --name-only "4b5a7d56b1f3de8f280af92f7ae39787b370e48c" | wc -l
[0.02007] >> git ls-tree -r --name-only "aa2244a2c2f289713e6ab6713045d471eb5c9b18" | wc -l
[0.02220] >> git ls-tree -r --name-only "0bd79f158cf625f130b74797a944219da0e2f9ed" | wc -l
[0.02328] >> git ls-tree -r --name-only "3c7a891ff4ba210b10ba43148f5c3e9240e82e7f" | wc -l
[0.02300] >> git ls-tree -r --name-only "10a9dab77cacc92ee6bbc5de91dc059820aff7d1" | wc -l
[0.02214] >> git ls-tree -r --name-only "77ad68ca2309040712e1f0ff9cb3b001eea9079f" | wc -l
[0.02309] >> git ls-tree -r --name-only "0184b810777766113021be42f8e40e87ef8571d7" | wc -l
[0.02148] >> git ls-tree -r --name-only "5baddd032faa5155b2a6a9a17fb900a1a38b927a" | wc -l
[0.02139] >> git ls-tree -r --name-only "419bb9d126768089a65a9128e23de5660b3f4ccc" | wc -l
[0.02285] >> git ls-tree -r --name-only "b1aaac4de10f099ffff05f4003d8ced8b4953644" | wc -l
[0.01644] >> git ls-tree -r --name-only "bc9dbb605fbf74cc8bdadb035373ad478932575a" | wc -l
[0.01558] >> git ls-tree -r --name-only "e4dd833050d29654a6d1ca398896a6ca44d45d01" | wc -l
[0.01565] >> git ls-tree -r --name-only "735fb3e2cc613d855dfde72e1a31fc07795c0805" | wc -l
[0.01676] >> git ls-tree -r -l -z HEAD
[0.02184] >> git cat-file blob 302ef2919f3eea3e8c3a34eb0c6182d9e311f862 | wc -l
[0.02204] >> git cat-file blob 16797b097e0a768bfd731a71652c37ad4616716e | wc -l
[0.02256] >> git cat-file blob 6cdad65a50c88e418ec4d9a7bb07b05c3a5eae6f | wc -l
[0.02203] >> git cat-file blob 390de159b532a63a5867f1f594b8222e06cf13d3 | wc -l
[0.02223] >> git cat-file blob 9d3d1aaf8a32d1fdf4775975a66d9eae758da799 | wc -l
[0.02271] >> git cat-file blob c960a180feb16c09182395d5e0b68e9d3dbe54cd | wc -l
[0.02282] >> git cat-file blob e4e3fac19ac35049b7a3bd92b05de207a91ae52b | wc -l
[0.02260] >> git cat-file blob 7797a86ffe6088ea8914e6641881d1ad8fb86915 | wc -l
[0.02259] >> git cat-file blob 4b02e33d4002ba95ad009b9937adcea104b08d37 | wc -l
[0.02250] >> git cat-file blob 1cfbc0d059a9e3077b8447d315df5f81fb8ef03c | wc -l
[0.02296] >> git cat-file blob 4b3c561465e99496955387fb9c14c3737693d738 | wc -l
[0.02274] >> git cat-file blob e69de29bb2d1d6434b8b29ae775ad8c2e48c5391 | wc -l
[0.02249] >> git cat-file blob d645695673349e3947e8e5ae42332d0ac3164cd7 | wc -l
[0.02287] >> git cat-file blob dc792df181ba339ea3222f8cebf745a4dbeba242 | wc -l
[0.02233] >> git cat-file blob dc6172b6c9f44bad0ccc2608f700e459eb1c067c | wc -l
[0.02219] >> git cat-file blob b3a533f4cea4a6f23520d37765ce183126056f28 | wc -l
[0.01635] >> git cat-file blob 6fbbacf4d14afe1cdd9ef6352a481c1d57cd410c | wc -l
fatal: not a git repository: '/private/var/tmp/_bazel_greg/5a3903bd8af21b75debc3e83e189ff0b/external/com_github_hoxu_gitstats/.git'
[0.02680] >> git log --shortstat --first-parent -m --pretty=format:"%at %aN" HEAD
[0.02659] >> git log --shortstat --date-order --pretty=format:"%at %aN" HEAD
Refining data...
Saving cache...
Generating report...
[0.01706] >> git --git-dir=/private/var/tmp/_bazel_greg/5a3903bd8af21b75debc3e83e189ff0b/external/com_github_hoxu_gitstats/.git --work-tree=/private/var/tmp/_bazel_greg/5a3903bd8af21b75debc3e83e189ff0b/external/com_github_hoxu_gitstats rev-parse --short HEAD
[0.01534] >> git --version
[0.04166] >> gnuplot --version
Generating graphs...
[0.06630] >> gnuplot "/Users/greg/aspect/bazel_git_stats/stats/bazelbuild/rules_groovy/month_of_year.plot"
[0.06639] >> gnuplot "/Users/greg/aspect/bazel_git_stats/stats/bazelbuild/rules_groovy/domains.plot"
[0.06191] >> gnuplot "/Users/greg/aspect/bazel_git_stats/stats/bazelbuild/rules_groovy/hour_of_day.plot"
[0.08535] >> gnuplot "/Users/greg/aspect/bazel_git_stats/stats/bazelbuild/rules_groovy/lines_of_code_by_author.plot"
[0.06058] >> gnuplot "/Users/greg/aspect/bazel_git_stats/stats/bazelbuild/rules_groovy/day_of_week.plot"
[0.06383] >> gnuplot "/Users/greg/aspect/bazel_git_stats/stats/bazelbuild/rules_groovy/commits_by_year_month.plot"
[0.06451] >> gnuplot "/Users/greg/aspect/bazel_git_stats/stats/bazelbuild/rules_groovy/lines_of_code.plot"
[0.06217] >> gnuplot "/Users/greg/aspect/bazel_git_stats/stats/bazelbuild/rules_groovy/commits_by_year.plot"
[0.08388] >> gnuplot "/Users/greg/aspect/bazel_git_stats/stats/bazelbuild/rules_groovy/commits_by_author.plot"
[0.06473] >> gnuplot "/Users/greg/aspect/bazel_git_stats/stats/bazelbuild/rules_groovy/files_by_date.plot"
Execution time 1.59730 secs, 1.12902 secs (70.68 %) in external commands)
You may now run:

   sensible-browser '/Users/greg/aspect/bazel_git_stats/stats/bazelbuild/rules_groovy/index.html'

