Loading: 
Loading: 0 packages loaded
Analyzing: target @com_github_hoxu_gitstats//:gitstats (0 packages loaded, 0 targets configured)
INFO: Analyzed target @com_github_hoxu_gitstats//:gitstats (0 packages loaded, 0 targets configured).
INFO: Found 1 target...
[0 / 1] [Prepa] BazelWorkspaceStatusAction stable-status.txt
INFO: Elapsed time: 0.141s, Critical Path: 0.00s
INFO: 1 process: 1 internal.
INFO: Build completed successfully, 1 total action
INFO: Running command line: /private/var/tmp/_bazel_greg/5a3903bd8af21b75debc3e83e189ff0b/external/com_github_hoxu_gitstats/gitstats clones/bazelbuild/rules_foreign_cc stats/bazelbuild/rules_foreign_cc
INFO: Build completed successfully, 1 total action
[0.05517] >> gnuplot --version
Output path: /Users/greg/aspect/bazel_git_stats/stats/bazelbuild/rules_foreign_cc
Git path: clones/bazelbuild/rules_foreign_cc
Collecting data...
[0.04569] >> git shortlog -s HEAD | wc -l
[0.02254] >> git show-ref --tags
[0.02084] >> git log "ebbf3521a5439b365a2ec665112b3ff022ddef80" --pretty=format:"%at %aN" -n 1
[0.01904] >> git log "c9c358442df30f42376db4ed3ebcc2773781100c" --pretty=format:"%at %aN" -n 1
[0.01887] >> git log "d151523f85b287908347b6fcbe4448304d121a42" --pretty=format:"%at %aN" -n 1
[0.01990] >> git log "46d03c88229f7450d1f6e859877a0c23e98fdbb9" --pretty=format:"%at %aN" -n 1
[0.02134] >> git log "547d0fd4a54b65884e164fb8f05d1f1318955137" --pretty=format:"%at %aN" -n 1
[0.01780] >> git log "86cff2d4d1e1f60d74030a3f707e6f654ebae6af" --pretty=format:"%at %aN" -n 1
[0.01875] >> git log "3b4b0a0b163a335280e034c2cc5d05b349368898" --pretty=format:"%at %aN" -n 1
[0.01928] >> git log "ea571fcdd1a3b46570632e41701225de33e86206" --pretty=format:"%at %aN" -n 1
[0.01867] >> git log "1222c48f98bab86c289305d46ba441d4c09381ff" --pretty=format:"%at %aN" -n 1
[0.02579] >> git log "d02390f1363cdd2ba5a7f7907a481503d483d569" --pretty=format:"%at %aN" -n 1
[0.01998] >> git log "eb72705d3d7819edc34070d34e0caa656c775d72" --pretty=format:"%at %aN" -n 1
[0.01977] >> git log "a7f1c9e6046a98b6006e183f0112f4815bf2ebc0" --pretty=format:"%at %aN" -n 1
[0.01695] >> git log "5accf6c25d1e94eb0dc11eef42cf203a69edd2e6" --pretty=format:"%at %aN" -n 1
[0.01643] >> git log "eb56038baaa74abea7ab41d7677f8de2360e7ba0" --pretty=format:"%at %aN" -n 1
[0.01670] >> git log "6e68116ab531b1a881ed08650bf05a967d6a87f7" --pretty=format:"%at %aN" -n 1
[0.01669] >> git log "605a80355dae9e1855634b733b98a5d97a92f385" --pretty=format:"%at %aN" -n 1
[0.01643] >> git log "ae4ff42901354e2da8285dac4be8329eea2ea96a" --pretty=format:"%at %aN" -n 1
[0.01627] >> git log "e208deeae394c2aba5531d1f4edbba82d2e7430c" --pretty=format:"%at %aN" -n 1
[0.01686] >> git shortlog -s "0.0.1"
[0.01629] >> git shortlog -s "0.0.2" "^0.0.1"
[0.01664] >> git shortlog -s "0.0.3" "^0.0.2"
[0.01684] >> git shortlog -s "0.0.4" "^0.0.3"
[0.01652] >> git shortlog -s "0.0.6" "^0.0.4"
[0.01744] >> git shortlog -s "0.0.7" "^0.0.6"
[0.01915] >> git shortlog -s "0.0.8" "^0.0.7"
[0.03726] >> git shortlog -s "0.0.9" "^0.0.8"
[0.03779] >> git shortlog -s "0.1.0" "^0.0.9"
[0.01933] >> git shortlog -s "0.2.0" "^0.1.0"
[0.02078] >> git shortlog -s "0.3.0" "^0.2.0"
[0.02009] >> git shortlog -s "0.4.0" "^0.3.0"
[0.01912] >> git shortlog -s "0.5.0" "^0.4.0"
[0.01829] >> git shortlog -s "0.5.1" "^0.5.0"
[0.02626] >> git shortlog -s "0.6.0" "^0.5.1"
[0.02271] >> git shortlog -s "0.7.0" "^0.6.0"
[0.01710] >> git shortlog -s "0.7.1" "^0.7.0"
[0.01694] >> git shortlog -s "0.8.0" "^0.7.1"
[0.02894] >> git rev-list --pretty=format:"%at %ai %aN <%aE>" HEAD | grep -v ^commit
[0.03264] >> git rev-list --pretty=format:"%at %T" HEAD | grep -v ^commit
[0.02959] >> git ls-tree -r --name-only "6bda72a550c81a991d36074b069b4f0f8e20af87" | wc -l
[0.02961] >> git ls-tree -r --name-only "25b8044dca67568d36fb8fc22b11db548e28d322" | wc -l
[0.02715] >> git ls-tree -r --name-only "e1a26aab8e1a999e73e052cf2ff8fdca1bda3373" | wc -l
[0.02841] >> git ls-tree -r --name-only "ad36cce990188c5201d4f4450b071168464885c1" | wc -l
[0.02751] >> git ls-tree -r --name-only "1ac71b47cbda3a05f413a765d44ab76bf3788756" | wc -l
[0.02827] >> git ls-tree -r --name-only "ea4ada43985c52c02afc2da9f745a6af4a13178d" | wc -l
[0.02539] >> git ls-tree -r --name-only "069ecfb6e0af9c145c397e205e55407350359751" | wc -l
[0.02612] >> git ls-tree -r --name-only "f66f7225b386e01c2c7dbdb62c06ee0d2ac76520" | wc -l
[0.02668] >> git ls-tree -r --name-only "32f719e599ec66b66e9446b8db7fe2959e4af3a9" | wc -l
[0.02676] >> git ls-tree -r --name-only "ac386202caf0df556b146bbed9b2fd0cb97dcd98" | wc -l
[0.02879] >> git ls-tree -r --name-only "8127e25495eec681ccc8b21feee11c72a48d67d2" | wc -l
[0.02666] >> git ls-tree -r --name-only "4189d96dba6a26935198b4e82219a1317a3b46d9" | wc -l
[0.02702] >> git ls-tree -r --name-only "56fff01f8ad7a9eb3384c637c0ee3164f1e6a67f" | wc -l
[0.02707] >> git ls-tree -r --name-only "fa12736f901594be4b11aab35b377993507921f2" | wc -l
[0.02755] >> git ls-tree -r --name-only "50ab66a2d41d33cb2c746090c252d00b570b093a" | wc -l
[0.02767] >> git ls-tree -r --name-only "6c712188f1ac57d5f54f9e0c442812c458234ceb" | wc -l
[0.02514] >> git ls-tree -r --name-only "4bc643dacf4def9e9a443eb4c7eadaf3f2979d53" | wc -l
[0.02628] >> git ls-tree -r --name-only "58ba9dffd92712cc4369e2918525da17a76394be" | wc -l
[0.02673] >> git ls-tree -r --name-only "b76bdb1247e843e159d563003b1a8eb23088d2af" | wc -l
[0.02638] >> git ls-tree -r --name-only "ad894e08fe350aa8d0e3ea4a47f5844a5345d441" | wc -l
[0.02437] >> git ls-tree -r --name-only "e6eebbb56e8f969e827fd6ada494e206347bfe0c" | wc -l
[0.02853] >> git ls-tree -r --name-only "d2fbd3fb9ec088a08f1e5c5c8a8c57890dd887ff" | wc -l
[0.02653] >> git ls-tree -r --name-only "c8106fcb1cac95694b6d6d7cadeb708cd7b2e997" | wc -l
[0.03149] >> git ls-tree -r --name-only "d60995985926bc3396bcbd60d49f691c5085fa6c" | wc -l
[0.02597] >> git ls-tree -r --name-only "04eee98f8c08ad3eff4640fb8fe31029981f0ce8" | wc -l
[0.02558] >> git ls-tree -r --name-only "b0ef732157919f73cd8b682f7370414096922ee7" | wc -l
[0.02335] >> git ls-tree -r --name-only "f311b9f32589a26a57df888dd3c81618e7da5b83" | wc -l
[0.02441] >> git ls-tree -r --name-only "2b896f12de3768ab2f76e1c2b6fdc771bc00d1d7" | wc -l
[0.02688] >> git ls-tree -r --name-only "8b74a69ffe23370b45b1cc5dcc33ad0a737fe158" | wc -l
[0.02422] >> git ls-tree -r --name-only "339959075ede35c1b842a508f3323d35d24eefbf" | wc -l
[0.04392] >> git ls-tree -r --name-only "1f4a54638430f63425c1327be641502a466e0e24" | wc -l
[0.02654] >> git ls-tree -r --name-only "3dcbb6cd533993be5f3485decb55fb37af8f4c18" | wc -l
[0.02593] >> git ls-tree -r --name-only "ef2df8e80738a0656dd0adc9cd175b3a841c2efc" | wc -l
[0.02500] >> git ls-tree -r --name-only "65721c324bb0bfbc380cf57f2669072817be0828" | wc -l
[0.02543] >> git ls-tree -r --name-only "61db8391472fa75d6a2814734ee2bf4d8ed886b8" | wc -l
[0.02682] >> git ls-tree -r --name-only "1eb891df775f56b1d5b4fe16c080e6807ba7f809" | wc -l
[0.03278] >> git ls-tree -r --name-only "4d8dcd8eb79dbc1600ae68c3f7a9dcb1bb2a03f3" | wc -l
[0.02708] >> git ls-tree -r --name-only "889400f1ac3326187314d8a937d1b981cb699847" | wc -l
[0.03090] >> git ls-tree -r --name-only "0faaf8b4ff7ff3f8abcd28fa566b8f29093bde35" | wc -l
[0.02682] >> git ls-tree -r --name-only "6893ed1beb1001935297b4389ac5cc5556c22795" | wc -l
[0.02566] >> git ls-tree -r --name-only "65c630754087a9c032d67e09e6af4a75552e9122" | wc -l
[0.02673] >> git ls-tree -r --name-only "9454f5165ca9ebc6dcbe510ae7ead38977cad410" | wc -l
[0.03009] >> git ls-tree -r --name-only "91430eba2b3305dbb570c92c37b8771d92e7aaff" | wc -l
[0.03303] >> git ls-tree -r --name-only "d9f83d32ce406252e1a32f7a3e90b8c6411da834" | wc -l
[0.02998] >> git ls-tree -r --name-only "ec22c91edead834b996a4b36978c7be8c2288553" | wc -l
[[0.02712] >> git ls-tree -r --name-only "6ec4448f7eb20f451326df5ce214725f916197d4" | wc -l
[0.02918] >> git ls-tree -r --name-only "f671c91b33c72e1ce2ce5c025f20a7c9391e2c5b" | wc -l
[0.02695] >> git ls-tree -r --name-only "4d9cf707e7b9ad13cc68704fce9533033b468252" | wc -l
[0.02860] >> git ls-tree -r --name-only "91a5e7b9fbc6d7a874e81e813c5db69ac9a6bf67" | wc -l
[0.02906] >> git ls-tree -r --name-only "533379eda243ef7c8d45e67524e47fb6ca71a966" | wc -l
[0.02868] >> git ls-tree -r --name-only "fd423e465472152b004f85c1787ffee78f7d6202" | wc -l
[0.02522] >> git ls-tree -r --name-only "9831681c1c13d8ee75f223f4140628f63c7e7db2" | wc -l
[0.02521] >> git ls-tree -r --name-only "0ed603e7bc85cd2a7cea27b8525e149802595ae8" | wc -l
[0.02643] >> git ls-tree -r --name-only "64238d4ec14e320cac263ee4c66eafb52b27e1bd" | wc -l
[0.02624] >> git ls-tree -r --name-only "d639020a5807d91c2dc3188d23dcf2c177b033a5" | wc -l
[0.02839] >> git ls-tree -r --name-only "b1e60db5ee2097c85a3df3db31eb1b9d9bd8eb71" | wc -l
[0.02653] >> git ls-tree -r --name-only "29ee29f41cd7bf5f36375497ef64e0d4f17ac72c" | wc -l
[0.02784] >> git ls-tree -r --name-only "b07f6f7f56074b4e62f6c991a216d69988ab1940" | wc -l
[0.02815] >> git ls-tree -r --name-only "10e163258ede798b4ea610c1a7ebc2482cb0818c" | wc -l
[0.02636] >> git ls-tree -r --name-only "64f5965c02c5ddd4b7468f773d349c845e657523" | wc -l
[0.02642] >> git ls-tree -r --name-only "6fbe2269a2cc0d814995eecb93ccedff8e4d3233" | wc -l
[0.02546] >> git ls-tree -r --name-only "2770850ac032e47d462229e835031d10fd9b225e" | wc -l
[0.02657] >> git ls-tree -r --name-only "22409ea4eeefe0909a0bd172fdb4eb9ee9d3d25b" | wc -l
[0.02613] >> git ls-tree -r --name-only "1e163611482248592fe384d4e365a7beed71a94c" | wc -l
[0.02765] >> git ls-tree -r --name-only "dc4ba685e0ea85a17f563e5e25439564856bf2b6" | wc -l
[0.02490] >> git ls-tree -r --name-only "cb653232edbb3c3eb9575523abb34a178ba537b9" | wc -l
[0.02816] >> git ls-tree -r --name-only "d88b291982566bdaf0a6a7c51422f18e5814b655" | wc -l
[0.02630] >> git ls-tree -r --name-only "fe47b3138003ee88afe78bdfec1f675b9d37d901" | wc -l
[0.03111] >> git ls-tree -r --name-only "bd27143d1fe589a941092864d352259dbcdfdc48" | wc -l
[0.02651] >> git ls-tree -r --name-only "77219775d63902f8d950de30822b13b4fc6b117a" | wc -l
[0.02627] >> git ls-tree -r --name-only "8015151814ca3282b7a1df1e990e73b045436dc8" | wc -l
[0.02366] >> git ls-tree -r --name-only "4546cdf4b0470bfadede6289498bbf352e1b3fd7" | wc -l
[0.02541] >> git ls-tree -r --name-only "ee3f002fe5f7129add7ab872168742ed66ed7156" | wc -l
[0.02420] >> git ls-tree -r --name-only "97d76e7cba1681ab3491cfb9489b7724d78bc7b2" | wc -l
[0.02381] >> git ls-tree -r --name-only "e9876c4bff7dc0aef55fa787897fa556c348e3a7" | wc -l
[0.04047] >> git ls-tree -r --name-only "e30ed43281034ac37b51d80dd4aa35c3dc77ee55" | wc -l
[0.02875] >> git ls-tree -r --name-only "cdb370aa83bb3e8ccc8e1ccae546d373212a0729" | wc -l
[0.02520] >> git ls-tree -r --name-only "acdbeb9895738bf97351cae58e57567b837cde5f" | wc -l
[0.02544] >> git ls-tree -r --name-only "48e535d1a166f233b0f52df76012649709832a31" | wc -l
[0.02599] >> git ls-tree -r --name-only "f210b7dae840480f853fadd17a7caae27d6093dc" | wc -l
[0.02617] >> git ls-tree -r --name-only "cd347459f6cebc07cf6b4305352fb090cd88a7d8" | wc -l
[0.03149] >> git ls-tree -r --name-only "86fedcb38b6d214c653d8dac38147669ef511e9a" | wc -l
[0.02937] >> git ls-tree -r --name-only "5cfcb6a5983ba75c8a1f35fc8d07d033db0bda67" | wc -l
[0.03104] >> git ls-tree -r --name-only "af8027bcaf72646ea662c712e1c561a7dd68e833" | wc -l
[0.02728] >> git ls-tree -r --name-only "e342eda38885a57b12aa6a35add01ad0448f4078" | wc -l
[0.02704] >> git ls-tree -r --name-only "6aa8b95316590df21fd735e6309bb31269ae2e16" | wc -l
[0.02638] >> git ls-tree -r --name-only "d0dcd8130a0334eaa907f7cb11ed7aeb6df0427c" | wc -l
[0.03116] >> git ls-tree -r --name-only "d4a7ef91c5ffb563c1df9048eeac1c5ea3b3f2f0" | wc -l
[0.03285] >> git ls-tree -r --name-only "6dfd2a52a88b93cd8c71e7b643d3de27ac881604" | wc -l
[0.02927] >> git ls-tree -r --name-only "6b7df536badc69fd4ce7c8ed56544ffb0770952b" | wc -l
[[0.02711] >> git ls-tree -r --name-only "6b8f47e7605c1891145fbd4663353684a85a6903" | wc -l
[0.02914] >> git ls-tree -r --name-only "9174f7e2bf3b01c439fba0669b74cf0367e199ce" | wc -l
[0.02838] >> git ls-tree -r --name-only "105ed872c64e2a8c640221f2af6031f17fc08182" | wc -l
[0.02754] >> git ls-tree -r --name-only "b9dcd2c071c0ac28ad8ce3dcb6dfe63defcf9f87" | wc -l
[0.02849] >> git ls-tree -r --name-only "77bed729ff6aab4ec1950fb8244a02d07e15f5b5" | wc -l
[0.02820] >> git ls-tree -r --name-only "578fc4724f191d51b6fb17d4b0d7ea51b1fd3989" | wc -l
[0.02569] >> git ls-tree -r --name-only "fd94cac89fdfc065ffd2899b6451412976c044b3" | wc -l
[0.02485] >> git ls-tree -r --name-only "569818cccf46f4acbad2e623cad96003f33c908b" | wc -l
[0.02662] >> git ls-tree -r --name-only "1e0f86ead9f09f39c8bf7e0a1a5a1fd72d6f3b03" | wc -l
[0.02561] >> git ls-tree -r --name-only "48cc99e152e4c86814e3ef9d4d31d4b001b61fd6" | wc -l
[0.02966] >> git ls-tree -r --name-only "cd15b9849a3cc214046c4a81d5ec67142a05b7d9" | wc -l
[0.02693] >> git ls-tree -r --name-only "8d36864b8bc5c67c290e6466577ae7c1de59df3d" | wc -l
[0.02666] >> git ls-tree -r --name-only "c019c010180aa0c07f5fff2020838b3e98a2272d" | wc -l
[0.02853] >> git ls-tree -r --name-only "8c641d5d07764a2d613723442b6ae03c964a0718" | wc -l
[0.02625] >> git ls-tree -r --name-only "7197f814297bfc4d06a59e80b44f9d8110c0129d" | wc -l
[0.02644] >> git ls-tree -r --name-only "c487b573ad1ada486787d4cd3749dfe846df0d20" | wc -l
[0.02584] >> git ls-tree -r --name-only "442ddce4f5c89d6de6786cbecfa97217bacb2895" | wc -l
[0.02615] >> git ls-tree -r --name-only "1c4a4bce66646375a275176b1adcfbd718169d58" | wc -l
[0.02747] >> git ls-tree -r --name-only "f28e984b539dad671d5612aa7d5007f768a527ca" | wc -l
[0.02709] >> git ls-tree -r --name-only "3e99e43cb3ce90e0d396b84c8e683ee8ade1cb03" | wc -l
[0.02518] >> git ls-tree -r --name-only "48bfea6e6e728035c137a67cfb6c67264317a3ab" | wc -l
[0.02769] >> git ls-tree -r --name-only "f3508db53eead146995bb43a75ed2a36e643de14" | wc -l
[0.02531] >> git ls-tree -r --name-only "f250f44fd137bad4464240afe4032526d7ba4c9e" | wc -l
[0.03102] >> git ls-tree -r --name-only "914adfe295d5e92275099d4c4275bd16c65e88da" | wc -l
[0.02638] >> git ls-tree -r --name-only "4b7148488d7e36e83c0151fc75e1c2217ffa432e" | wc -l
[0.02652] >> git ls-tree -r --name-only "a89a5d1f240c836dfc42ddc097f6297324c93bb5" | wc -l
[0.02269] >> git ls-tree -r --name-only "a7f2ad6a9c0c83517edd4532a2633178d340396f" | wc -l
[0.02508] >> git ls-tree -r --name-only "9f891a57e2bfc4c33bca62d2227d5b9c9d821fcd" | wc -l
[0.02517] >> git ls-tree -r --name-only "20dfdea7b39ee46e4abeecd8b017482cb149cbb6" | wc -l
[0.02478] >> git ls-tree -r --name-only "4c6bd41688b342affe7462939d8d742662021b52" | wc -l
[0.04037] >> git ls-tree -r --name-only "08940d0ee72e36ac2807580d9b9a488778453186" | wc -l
[0.02864] >> git ls-tree -r --name-only "4a2936340a5003f1bafda567cf5e7541f8650013" | wc -l
[0.02587] >> git ls-tree -r --name-only "bbfd9a29a857b9331549e69f3f8badea0a849f8b" | wc -l
[0.02471] >> git ls-tree -r --name-only "cd58be4ac126aa50198a8742bee7201d01e995dd" | wc -l
[0.02615] >> git ls-tree -r --name-only "4f93cb226aab64641dd2f5925122962f7755fe5e" | wc -l
[0.02657] >> git ls-tree -r --name-only "a65df42309e751f1723cf7815105b8f29141dc73" | wc -l
[0.03138] >> git ls-tree -r --name-only "a8f1e0867d588afd1c148ed48bffefc104bf13af" | wc -l
[0.02901] >> git ls-tree -r --name-only "6a66cff96d271ea95751f175e3b4509828320fe9" | wc -l
[0.03108] >> git ls-tree -r --name-only "91f803d37cfc502b18ea28fdc72b917e017fe66a" | wc -l
[0.02839] >> git ls-tree -r --name-only "8e746921cfd0f14b6c6669ba88c1283856c33d77" | wc -l
[0.02632] >> git ls-tree -r --name-only "168e9edd89ea85f1d86e4ebef54e8d39f62250af" | wc -l
[0.02657] >> git ls-tree -r --name-only "fca2bffc1390495ec31b20fc764ee2c69c976f09" | wc -l
[0.03133] >> git ls-tree -r --name-only "02ccf1e825004929c64b82b0df3441fd3c1dc28e" | wc -l
[0.03146] >> git ls-tree -r --name-only "171f601fbd093390dca80f61f53de1d1ba75686f" | wc -l
[0.03004] >> git ls-tree -r --name-only "5bce14c8095eaa403ef64caaf9c629f7abd30727" | wc -l
[[0.02925] >> git ls-tree -r --name-only "1684945ddbd0cdecf74a22893215f852a36226ab" | wc -l
[0.02955] >> git ls-tree -r --name-only "b87627a083e05ba9a1c65cc14c760aaaec23714c" | wc -l
[0.02863] >> git ls-tree -r --name-only "66d7d24e21d3245e7c5cab74553fa4e64b386e60" | wc -l
[0.02708] >> git ls-tree -r --name-only "6acf9fec6ae197a5bcf0940f33f154cf2d997c1e" | wc -l
[0.02784] >> git ls-tree -r --name-only "c964d5d8b1669fa55627182b887cfd93aeb0e2fc" | wc -l
[0.02810] >> git ls-tree -r --name-only "a29224cb44f72a5baddad52b30267191ab1f37ab" | wc -l
[0.02678] >> git ls-tree -r --name-only "418d4d072d4653f470cd343e1de426bc7e9e8710" | wc -l
[0.02553] >> git ls-tree -r --name-only "9e058df1667fd1332e3e26be2136b85bce104894" | wc -l
[0.02755] >> git ls-tree -r --name-only "e49c392303e1017f1525c61cd6212edc68d0e95e" | wc -l
[0.02730] >> git ls-tree -r --name-only "f37a2e95b2ae1475a4e23641bd94e21f4f8bb561" | wc -l
[0.03069] >> git ls-tree -r --name-only "518cbaa93977b786a916523e864e8efeca15b417" | wc -l
[0.02415] >> git ls-tree -r --name-only "709648861c1b1650159eeace48d596b910d02d2f" | wc -l
[0.02887] >> git ls-tree -r --name-only "f1289bea2d33a5eaf6125b078cc3ff17128c576d" | wc -l
[0.02640] >> git ls-tree -r --name-only "a8a94aada5e1a035b4b4021638559963604f9f86" | wc -l
[0.02721] >> git ls-tree -r --name-only "457fdc2ffbe4c04f7adc12b65e978b0594757a1f" | wc -l
[0.02816] >> git ls-tree -r --name-only "d3dc0f135000237876244f82fae009451febe7a0" | wc -l
[0.02370] >> git ls-tree -r --name-only "c678ab0e49a147bb15a53dbb375f6a315b709b9d" | wc -l
[0.02417] >> git ls-tree -r --name-only "5ca1da4ddd528b295d746ed3048176870f08db53" | wc -l
[0.02717] >> git ls-tree -r --name-only "b1872fdb6130a72c5f0f43b168e5fe9a2b5df457" | wc -l
[0.02662] >> git ls-tree -r --name-only "c540cbfa9cd4cf5705fd01aa223a05c21b2a2a25" | wc -l
[0.02477] >> git ls-tree -r --name-only "7f40f2fa505c6f700b9508c12ec862adcdfc6882" | wc -l
[0.02811] >> git ls-tree -r --name-only "7d15afddc939c42472f507c083cb45e87794758e" | wc -l
[0.02591] >> git ls-tree -r --name-only "d7a7047ac8a730040a529c9ef008fa9cb7f819f9" | wc -l
[0.03086] >> git ls-tree -r --name-only "56171c9b29a36d1959e043710752b0834266e2db" | wc -l
[0.02749] >> git ls-tree -r --name-only "67f40241eede976daca73e2562415198581acf0b" | wc -l
[0.02515] >> git ls-tree -r --name-only "9d4e78c3cc36feef576cca1d428bfb2b0e4adb66" | wc -l
[0.02372] >> git ls-tree -r --name-only "dab50d3ae1e12db8cd6f4ffa75ebb37fa7e8037e" | wc -l
[0.02413] >> git ls-tree -r --name-only "35696c8b1f9017706ff555f5273570eb7c54e89f" | wc -l
[0.02658] >> git ls-tree -r --name-only "88d0e375d3085cea1b8829fab9d0d37502d5594a" | wc -l
[0.02502] >> git ls-tree -r --name-only "28c2667908414df09a8b9141de0a76c08f801601" | wc -l
[0.04324] >> git ls-tree -r --name-only "5228aa10a89a704e2c2c83ecf00f66608de57668" | wc -l
[0.02655] >> git ls-tree -r --name-only "bd65c6532ed7f2e7374210006a4d2557762a733e" | wc -l
[0.02517] >> git ls-tree -r --name-only "be15c955bdd9758c06ecc69ba0d0140a8d47c128" | wc -l
[0.02430] >> git ls-tree -r --name-only "6cf90027f9b1b33e318589b5189f584e386da9cd" | wc -l
[0.02536] >> git ls-tree -r --name-only "15df085e09313088160cd960b4e09144f5048ed5" | wc -l
[0.02689] >> git ls-tree -r --name-only "2a566331b86effaad4f2e0a79863fc6902c2aa6d" | wc -l
[0.03252] >> git ls-tree -r --name-only "4db3ced13dbcf80208234f00162894c85098c4e6" | wc -l
[0.02803] >> git ls-tree -r --name-only "ab2568e90d81dcfc47a688dfb08cba176485585f" | wc -l
[0.03102] >> git ls-tree -r --name-only "607028092439e621a7e89f8790fc1ce45acc7446" | wc -l
[0.02678] >> git ls-tree -r --name-only "3430ddae24369b01d950dccbc61a3d2f4da254f8" | wc -l
[0.02520] >> git ls-tree -r --name-only "7408aa619ea43f80a82dd165f8e3e7571a027684" | wc -l
[0.02653] >> git ls-tree -r --name-only "bf49d31528516990d48c532437f7ae9040803dd3" | wc -l
[0.02952] >> git ls-tree -r --name-only "29a21284decb50f5c9ffc7636c31db6d4b363788" | wc -l
[0.03908] >> git ls-tree -r --name-only "61ee9c9945aa195fd21b8a7162ad0a85c8b764a2" | wc -l
[0.02739] >> git ls-tree -r --name-only "e9fc42ceecd4175ae2b6365db3a6917410022136" | wc -l
[[0.02670] >> git ls-tree -r --name-only "51a87636144bcc48a65efdaee2ee9cd715bbdfd6" | wc -l
[0.02914] >> git ls-tree -r --name-only "35ab3962d4f7252d44cb56bb126b818deb6a5bb9" | wc -l
[0.02730] >> git ls-tree -r --name-only "1976808b77b856cbe5585ab5ff61cf0dd4076470" | wc -l
[0.02847] >> git ls-tree -r --name-only "86d86a03bf29005a3e0ab388150cd87d9569bb9f" | wc -l
[0.02931] >> git ls-tree -r --name-only "842ac67c972ade7e76796b6076f8c8019b7862ed" | wc -l
[0.02983] >> git ls-tree -r --name-only "d6c1c53343d92759422c823c961584202d7b0c85" | wc -l
[0.02486] >> git ls-tree -r --name-only "d4342631b703f24ba4ecd3bb6021950bb34239ca" | wc -l
[0.02611] >> git ls-tree -r --name-only "c1d4667509abc5f1dabc8fc6b92e4b25bd0678ca" | wc -l
[0.02982] >> git ls-tree -r --name-only "d4edfbfa76d1083f4a831ca4cacc1bac272225f5" | wc -l
[0.02631] >> git ls-tree -r --name-only "43d510ea3d744cd3f6ca230d844e83a0fa0c14b3" | wc -l
[0.03131] >> git ls-tree -r --name-only "0658d4b0c66e88caa0228143ede9c0f4e55e720b" | wc -l
[0.02336] >> git ls-tree -r --name-only "f4c0de90c5b9d5ad8f8b360adb4f6306b36187b7" | wc -l
[0.02821] >> git ls-tree -r --name-only "59888008cd432862dcf2a138b9f5516e0db9a3d5" | wc -l
[0.02801] >> git ls-tree -r --name-only "26e29564ec6eab5384a61bb2230680fee868a8d0" | wc -l
[0.02624] >> git ls-tree -r --name-only "26e704ec59b5f7f88e4f27ab4b7f741287834a6d" | wc -l
[0.02677] >> git ls-tree -r --name-only "e812ea0bb25b06dd23e0c2522ec47e2597c5b484" | wc -l
[0.02435] >> git ls-tree -r --name-only "e35c8d129990f71a1f33cd490a002d821259ee77" | wc -l
[0.02649] >> git ls-tree -r --name-only "cef3455bd75f1338b88f50c032daacc7acc1601b" | wc -l
[0.02669] >> git ls-tree -r --name-only "1ad0b8883528f3c977cb6f49b1b25a6f30fdf774" | wc -l
[0.02675] >> git ls-tree -r --name-only "81258920c1672999f4cd2449bd584d96bf727b41" | wc -l
[0.02435] >> git ls-tree -r --name-only "96e92fab79a10e4eab8067a91aa8adc0cb6c031e" | wc -l
[0.02865] >> git ls-tree -r --name-only "5cc763d5fce4dd24812a1f60a56d61e3db61b409" | wc -l
[0.02890] >> git ls-tree -r --name-only "dcd6549fb95dfd1dce96765b4467a93924474545" | wc -l
[0.03086] >> git ls-tree -r --name-only "13d04b5c9033bb0353b4855791e7ef92a48870b2" | wc -l
[0.02734] >> git ls-tree -r --name-only "daf9aecfd638bf9f04d19a31337dad839f1a5f65" | wc -l
[0.02569] >> git ls-tree -r --name-only "e70c0b6806fff0239388a09e713ebb6583d6961d" | wc -l
[0.02400] >> git ls-tree -r --name-only "f675d2c73bd051f52e44d1c83af2434d47c39bdc" | wc -l
[0.02484] >> git ls-tree -r --name-only "1a710593d0ccd5f3145f293f38bc624003ddf51a" | wc -l
[0.02397] >> git ls-tree -r --name-only "4cc4642b73839fcfac193c118fe1b124e3427f4c" | wc -l
[0.02417] >> git ls-tree -r --name-only "22b83aba1b69c1b5144b0d19977c0c47b222b80d" | wc -l
[0.03521] >> git ls-tree -r --name-only "981154006abfc3f7708c56340209d78bd50bfbf0" | wc -l
[0.02648] >> git ls-tree -r --name-only "7d05509d9c106c52be20ff008d6e112c2683c2d2" | wc -l
[0.02581] >> git ls-tree -r --name-only "9c054791234fa879acb2d5927566446a2c857ead" | wc -l
[0.02511] >> git ls-tree -r --name-only "6a5a20797cbf4b17a787938517a70f3a2de4c204" | wc -l
[0.02568] >> git ls-tree -r --name-only "4b66fb80d4a6e263943225c14756b79b7db4064a" | wc -l
[0.02534] >> git ls-tree -r --name-only "00ffb9e6d33439234d0d69a3d3ddbb1ef9eea00c" | wc -l
[0.03380] >> git ls-tree -r --name-only "6fe8d4c9e81a4868cd302751a62a90899d8da78c" | wc -l
[0.02693] >> git ls-tree -r --name-only "aa1a77b7fd9cf1bd8c24bf41b865698a72a62d23" | wc -l
[0.03130] >> git ls-tree -r --name-only "c78c702830876daa01e50bb2a1743384864d5ec4" | wc -l
[0.02635] >> git ls-tree -r --name-only "d240d6185888991d82d75e113dead756d972ae2b" | wc -l
[0.02515] >> git ls-tree -r --name-only "7555a0baef16c367ddae45a4591d819773bccd52" | wc -l
[0.02665] >> git ls-tree -r --name-only "f159c1364e9a5cfc95fc8cf7614b299dc15e449a" | wc -l
[0.02960] >> git ls-tree -r --name-only "f2bba88d613f0a835d65349ed8b59c8a681348b4" | wc -l
[0.03893] >> git ls-tree -r --name-only "d1b345addc0700f309380da7abc81ca4adbf0739" | wc -l
[0.02877] >> git ls-tree -r --name-only "99d8ba5d924e3a209f2491de0bb8bb6b61b7a2ee" | wc -l
[[0.02933] >> git ls-tree -r --name-only "36bfbdc96e58d0085e88fc76361a29fbb21e9ae3" | wc -l
[0.02972] >> git ls-tree -r --name-only "36b7594f36e69d2b016a7904ed882cab44f343a4" | wc -l
[0.02757] >> git ls-tree -r --name-only "e678d0a295ae4702608d161ca47bc5ed2d88f5e0" | wc -l
[0.02775] >> git ls-tree -r --name-only "f8cfc9ad72d3a709878828f5f87e7d6a5857ed15" | wc -l
[0.02869] >> git ls-tree -r --name-only "7acb39f7a701dcf3e3fccefacae50e4dbe709444" | wc -l
[0.02845] >> git ls-tree -r --name-only "5cee611a214d8e62367005b564842cbf71e78a17" | wc -l
[0.02421] >> git ls-tree -r --name-only "fb089cf5b13fec2c4de56d4e7deafaf0b52b222e" | wc -l
[0.02628] >> git ls-tree -r --name-only "6e8ec5d624d9420d3bcca98d10ba7bade48f43f5" | wc -l
[0.02842] >> git ls-tree -r --name-only "ce2705e6f1cf25c72e50c69c9364588ff2ea3779" | wc -l
[0.02836] >> git ls-tree -r --name-only "a628f3871036052537d76600689f9833b1c0c5ed" | wc -l
[0.03142] >> git ls-tree -r --name-only "8d1633ef0d9196f2a1a6975872445ee30ff6a4cc" | wc -l
[0.02583] >> git ls-tree -r --name-only "34c3962b6960330615708ae68c4a9e1cb9d52e69" | wc -l
[0.02743] >> git ls-tree -r --name-only "ab17f6d67d39b3ab9945d9cc312aaa967864f626" | wc -l
[0.02868] >> git ls-tree -r --name-only "039e322d8123310799b99e685d371e6ea0a09d44" | wc -l
[0.02669] >> git ls-tree -r --name-only "08f0e71d04ef2fd60278b8cfc00b2d0166079e75" | wc -l
[0.02788] >> git ls-tree -r --name-only "6afe1ff73f16482a12bd33aa5d5dc67cc1935c76" | wc -l
[0.02239] >> git ls-tree -r --name-only "8c16df63c10ad934dfcaccd545514c85627ace8c" | wc -l
[0.02671] >> git ls-tree -r --name-only "54e357310b876dc03fdd656b70e7bcfc5ab2b148" | wc -l
[0.02681] >> git ls-tree -r --name-only "41979888cde01215b0d40ff132866facbc9108b9" | wc -l
[0.02617] >> git ls-tree -r --name-only "028b9ff41b32d7627a6b2bd31b8496c8035ce784" | wc -l
[0.02456] >> git ls-tree -r --name-only "aef5162b6b38f1054d5006834920a203fa807d7b" | wc -l
[0.02853] >> git ls-tree -r --name-only "77784acf9289ebc8c649ec659e7e2984b1b30991" | wc -l
[0.02625] >> git ls-tree -r --name-only "1c1304d30747b53a315fdd8a636309e6e7f405db" | wc -l
[0.03008] >> git ls-tree -r --name-only "0b9b3aa4e1b63835ac2802ea6ca307b58cbcd7e5" | wc -l
[0.02780] >> git ls-tree -r --name-only "6b0dbcd61386b5398cdff0c2fbc4170200f854ee" | wc -l
[0.02642] >> git ls-tree -r --name-only "3a72b9fb4bc55e581072f773e52c09d2e523ea39" | wc -l
[0.02476] >> git ls-tree -r --name-only "8ac4d8adacff5cfa62744206886915deb8d72082" | wc -l
[0.02444] >> git ls-tree -r --name-only "bef17b6934496c79ce88dca4d400cc5a848051d3" | wc -l
[0.02661] >> git ls-tree -r --name-only "95eb9bb93239a52aa8a4dabe8302d3ffdfb1a4bb" | wc -l
[0.02411] >> git ls-tree -r --name-only "c7cc4b72639d3355590aa078b0597eb962703d35" | wc -l
[0.03837] >> git ls-tree -r --name-only "35cb578cbeeeae160638df2c5d834fa0de36b43a" | wc -l
[0.02567] >> git ls-tree -r --name-only "e3459ed46e92f611691c556b460122512788929a" | wc -l
[0.02537] >> git ls-tree -r --name-only "fce64ff441b0849db8248fc21a19e0d233806f4e" | wc -l
[0.02588] >> git ls-tree -r --name-only "413aa73eaabb649a276d7839fc647b559cced9dc" | wc -l
[0.02606] >> git ls-tree -r --name-only "a7b39cc89918c2506266c430fbbe78466985dd82" | wc -l
[0.02712] >> git ls-tree -r --name-only "a4490539bf301d1b315bd80d0145b6e530cc63d6" | wc -l
[0.03382] >> git ls-tree -r --name-only "d2d94d4e634a767b06fbe23e910e1cd7b95106ec" | wc -l
[0.02617] >> git ls-tree -r --name-only "e5879a9ac641f2e2d59c531da3516e9eaf6cf62f" | wc -l
[0.02946] >> git ls-tree -r --name-only "bbc24746af9e4b142ceac3cff3552d20da52d6ce" | wc -l
[0.02669] >> git ls-tree -r --name-only "d059f4e2d9a4531dcc82675a57216d5fa6c4ca18" | wc -l
[0.02537] >> git ls-tree -r --name-only "43ed28a7f5d21c75ec77c146f20016317410dbef" | wc -l
[0.02652] >> git ls-tree -r --name-only "31ae42ba1c11d17932f92e1d84ad2810ecfb1a4a" | wc -l
[0.02939] >> git ls-tree -r --name-only "3cb8cb0980702808767e647495acdc56a2febf0d" | wc -l
[0.03894] >> git ls-tree -r --name-only "9b6427ddd3b50cbaa00c8172a858a0c430d5a5b2" | wc -l
[0.02858] >> git ls-tree -r --name-only "c1bc8175ec12ec758c6ee40a93f31f011f4938fd" | wc -l
[[0.02659] >> git ls-tree -r --name-only "05a46f3778dfa222e8eb6e44033adee376c2c2b0" | wc -l
[0.02909] >> git ls-tree -r --name-only "df5b3ff972a09c36be9ad41bccca75e99af61790" | wc -l
[0.02729] >> git ls-tree -r --name-only "a2206b11ec00a91fd0506eea779d2e2434efc058" | wc -l
[0.02820] >> git ls-tree -r --name-only "42e314022ddef1587fc335304907d688cee4b7dc" | wc -l
[0.02906] >> git ls-tree -r --name-only "39575cb3f47303d7614314e7df794cf115709268" | wc -l
[0.02826] >> git ls-tree -r --name-only "7617e6507d5146fd8f75ab569e76828ce736f1c5" | wc -l
[0.02535] >> git ls-tree -r --name-only "9c5e814d7c095e521e286ecd7178db254b987575" | wc -l
[0.02756] >> git ls-tree -r --name-only "7c01c6b49a832a2bbc9f9b5c2d90b2930cc7ff0d" | wc -l
[0.02992] >> git ls-tree -r --name-only "fbb7768b1ce4bdc388cf0c731c7606175125f17c" | wc -l
[0.02638] >> git ls-tree -r --name-only "75046250b2e889595c0e49c278e4dab38ac0cdc3" | wc -l
[0.03134] >> git ls-tree -r --name-only "79874dae91af09c203326e2160a29e5143fc7051" | wc -l
[0.02577] >> git ls-tree -r --name-only "971852724627f77f7d85e30039e27e0677b9ff8d" | wc -l
[0.03065] >> git ls-tree -r --name-only "a9fb2ea2bc66664da8ae3e42f616d4e18e6d4481" | wc -l
[0.02842] >> git ls-tree -r --name-only "3ebeca0ff2ac9b0b9c5a1e09145eeb2deb295d2b" | wc -l
[0.02691] >> git ls-tree -r --name-only "8dcd48f6e3fa2fd25b619fb3356c103876961c1f" | wc -l
[0.02386] >> git ls-tree -r --name-only "61fd21d174c2bc960cf9539ed05dcd1e1e29d40e" | wc -l
[0.02243] >> git ls-tree -r --name-only "db3608aa3a3dcbe14dbd447d29a1506dade39cc9" | wc -l
[0.02529] >> git ls-tree -r --name-only "9b895980220a9bd966643cc0043b0079603cdc66" | wc -l
[0.02690] >> git ls-tree -r --name-only "e4d0019f767e6a06e311c25d9f2125f72d30cf39" | wc -l
[0.02612] >> git ls-tree -r --name-only "754dee5abbb5d3052482e72806a6d999f45ff590" | wc -l
[0.02464] >> git ls-tree -r --name-only "120559e43d4e6ba74061e590074c7a11cfbd18f8" | wc -l
[0.02853] >> git ls-tree -r --name-only "d7296c6eaed2cdc10ad17470aa72f83353f07868" | wc -l
[0.02556] >> git ls-tree -r --name-only "fee0cba925708c68aeef7670e70351b0449f1c73" | wc -l
[0.03031] >> git ls-tree -r --name-only "02f2da33325339e3094f5907f7aad2f5bcbaf86d" | wc -l
[0.02671] >> git ls-tree -r --name-only "706244a4adc2e03ee301b2faaced907c8a258322" | wc -l
[0.02788] >> git ls-tree -r --name-only "5fc533ae497f45b57320b1254748ae11a755b586" | wc -l
[0.02621] >> git ls-tree -r --name-only "e1aff3173f4abcb6093199be509f8479f6b4006c" | wc -l
[0.02475] >> git ls-tree -r --name-only "f3ce1894f230dd5a372239a28bd4c2d7a885e05c" | wc -l
[0.02525] >> git ls-tree -r --name-only "09db5c4b5afae4ee6180ae58f136eaa707f3509a" | wc -l
[0.02354] >> git ls-tree -r --name-only "3dd8e5014388a809b134e762958c2276afd43cb4" | wc -l
[0.03724] >> git ls-tree -r --name-only "e87f9561790a090d7d600a59f48a3592060548b3" | wc -l
[0.02783] >> git ls-tree -r --name-only "758c7accdc5293844ce115d2cf60201abf2c61a9" | wc -l
[0.02483] >> git ls-tree -r --name-only "8706b5731fa88958343692a88d1ba162b65a593e" | wc -l
[0.02430] >> git ls-tree -r --name-only "89453b7dad92073329ad699a3de04206a2ba793f" | wc -l
[0.02553] >> git ls-tree -r --name-only "ced97784af3307e233d536f6f59e81bb40486f3e" | wc -l
[0.02645] >> git ls-tree -r --name-only "488e0a0cd5c425c1e5fb23861ed768c8a08ac7eb" | wc -l
[0.03302] >> git ls-tree -r --name-only "bd7b659ee64b44b2acd07418e183976a9cba0371" | wc -l
[0.02698] >> git ls-tree -r --name-only "18998fd4ca695109e0fcb041e6c13ead3d67e406" | wc -l
[0.03069] >> git ls-tree -r --name-only "54e2ba8acc8bf37f4b0de3d2a2324532625e48e5" | wc -l
[0.02715] >> git ls-tree -r --name-only "c5409b5eff6cd3ba596f2ecb6d1d0266857ab38f" | wc -l
[0.02501] >> git ls-tree -r --name-only "ca8513afc1d31c20f64026f1a1ec887e2866e635" | wc -l
[0.02648] >> git ls-tree -r --name-only "aad5281698f4f702c26bb528c9da969bb24733eb" | wc -l
[0.03150] >> git ls-tree -r --name-only "90795b4c7e242081974d840bbc5c804bc16346e8" | wc -l
[0.04025] >> git ls-tree -r --name-only "7902bc01063904dbd1602a002f828de422660a09" | wc -l
[0.02927] >> git ls-tree -r --name-only "dde68663fcc99c98afc4dd5dc39b6425bdad2d42" | wc -l
[[0.02684] >> git ls-tree -r --name-only "bb02e84652f5bfe7f1bf75144d323b2a42ed2bfb" | wc -l
[0.02951] >> git ls-tree -r --name-only "0ef6fca004eef12356b3cf55e77aa804b26de726" | wc -l
[0.02816] >> git ls-tree -r --name-only "d0844fb7d9c38f9858623f939d457965fb0e18b9" | wc -l
[0.02732] >> git ls-tree -r --name-only "aacdd1be81a11204d644891d84a81855fe1e6f13" | wc -l
[0.02818] >> git ls-tree -r --name-only "d34d481dafcc5d1793e09b3967274683be8aa915" | wc -l
[0.02814] >> git ls-tree -r --name-only "d44e1dc5c774666ba3bcf4b74f5c3b6d7db2d7ee" | wc -l
[0.02694] >> git ls-tree -r --name-only "8f52cf56fd8d949397f5792994fb5d1b848950b3" | wc -l
[0.02482] >> git ls-tree -r --name-only "eefc53bcc3ea1708090b7d4a3741bd1dff476ec1" | wc -l
[0.02794] >> git ls-tree -r --name-only "5f5e5873eb0cc6f7327091d5f701a914497f55d9" | wc -l
[0.02661] >> git ls-tree -r --name-only "aaab2c138f704829ef89071f425bd4ae469cf222" | wc -l
[0.02935] >> git ls-tree -r --name-only "bf65ad79151541439244a274e32d10279278c087" | wc -l
[0.02510] >> git ls-tree -r --name-only "0f576ef40b84c260c64841e1001813f8b3a5fee5" | wc -l
[0.02639] >> git ls-tree -r --name-only "e88435189ba7e3b66161a32bd6d4dc10b397c7f3" | wc -l
[0.02728] >> git ls-tree -r --name-only "a26e242ccaa8e7a36b7771cd4d4b60544fbecee7" | wc -l
[0.02705] >> git ls-tree -r --name-only "a228155863f31d1e17742470a11a0fc41bf63b10" | wc -l
[0.02769] >> git ls-tree -r --name-only "e4bdc300dd2ad04a6c473d1b5280ed2f0dbd3e60" | wc -l
[0.02526] >> git ls-tree -r --name-only "11527815cc4561a6bb62f72e703a6ee0085ccfc4" | wc -l
[0.02597] >> git ls-tree -r --name-only "2bf980561d01f2fe63d0d2100be7e81b4391a9fb" | wc -l
[0.02744] >> git ls-tree -r --name-only "de5d84c36354d8a150b14acdbb50ac791846de67" | wc -l
[0.02613] >> git ls-tree -r --name-only "1805b656c6969c201d9c70cc40e427fd1da2ec08" | wc -l
[0.02438] >> git ls-tree -r --name-only "4d31f992eaa2b0e29989e23ac33a870b48451e85" | wc -l
[0.02890] >> git ls-tree -r --name-only "07437d49a429f6d27729244668e96f72705b16b2" | wc -l
[0.02635] >> git ls-tree -r --name-only "330ad9c6bd9266ff35945a05282bfd72859a7ca8" | wc -l
[0.03085] >> git ls-tree -r --name-only "766facd675ae3e084b603e3a89cbd3ee4b33f3bb" | wc -l
[0.02709] >> git ls-tree -r --name-only "dc279279142b54bfbcbd092a4e04ff020199bac3" | wc -l
[0.02476] >> git ls-tree -r --name-only "371e629995807b23f4afb8ac44423cf2c25eff56" | wc -l
[0.02589] >> git ls-tree -r --name-only "a7cea437c25a702ac8b7afc2842f0bd67cd2e01b" | wc -l
[0.02439] >> git ls-tree -r --name-only "dc22a6a777ad0a66da8b6a50fd84c95fc4d3ae2c" | wc -l
[0.02501] >> git ls-tree -r --name-only "15de3ad9150954208c253642136efc7f457ebcfa" | wc -l
[0.02426] >> git ls-tree -r --name-only "f09b84d50b3d49a1fd16034f0f3c48d3bbc54d89" | wc -l
[0.04571] >> git ls-tree -r --name-only "8ee6342bea4b3668d31a792debf612a37384e2b2" | wc -l
[0.02529] >> git ls-tree -r --name-only "5a162793570e2a9b656877e8348c8136fd4b4460" | wc -l
[0.02597] >> git ls-tree -r --name-only "e3e81a6745f3ce9453ff2c40be62861196fdce29" | wc -l
[0.02449] >> git ls-tree -r --name-only "e9d904f663ccbf56a7b0609d1210458c93541cf5" | wc -l
[0.02568] >> git ls-tree -r --name-only "f4f7e012028b665b025fbcaa0f9d953c1865cb91" | wc -l
[0.02567] >> git ls-tree -r --name-only "5afea88558dd23f9179dbe0abeca4a3db05e5967" | wc -l
[0.03537] >> git ls-tree -r --name-only "5ac1380ee2cd9599bcb2f1e2351961fa918e43dc" | wc -l
[0.02777] >> git ls-tree -r --name-only "677a989df1a0f6f1dee0f2d4e4479559a786ba72" | wc -l
[0.03278] >> git ls-tree -r --name-only "31f4f756b45e90d7f0ca7bd3d4ed1343ce54ae06" | wc -l
[0.02651] >> git ls-tree -r --name-only "c82a7c2776b4a93af3823676fbd52ab43757c309" | wc -l
[0.02720] >> git ls-tree -r --name-only "10efb4c25327b8a0959d35ad1b93521d037c7d02" | wc -l
[0.02928] >> git ls-tree -r --name-only "61082898e1c323ff4a0da33fb5d6f3c83f5a84b6" | wc -l
[0.02956] >> git ls-tree -r --name-only "70dc2945546d56293a709ec031e872a0f4e9f66b" | wc -l
[0.04172] >> git ls-tree -r --name-only "c54e4b7e747c10b881a27344e39a93f6c9cfaf5f" | wc -l
[0.03019] >> git ls-tree -r --name-only "6435f06cf4955d58ad57fd7d0fbdc49b069d2b31" | wc -l
[0.03090] >> git ls-tree -r --name-only "aafeca081b5a16dcb452db41e48187501cff7398" | wc -l
[0.02984] >> git ls-tree -r --name-only "9b7f845aa1d1a30e1c4bb5b9a536ef74bbf31f9f" | wc -l
[0.02929] >> git ls-tree -r --name-only "ecd730742fa2a00f6ca0db8ca0e6666dd145d7c2" | wc -l
[0.03589] >> git ls-tree -r --name-only "0de29b539d0d03468206995f58ed2399f3be3063" | wc -l
[0.02803] >> git ls-tree -r --name-only "d06ef41e466601ac66c960c40cd469fb1b3cf4c5" | wc -l
[0.02932] >> git ls-tree -r --name-only "b508f0600877bec40a7310f598ddbdf9e0ee7fab" | wc -l
[0.02896] >> git ls-tree -r --name-only "993dd70959d231a23c19ea34a842b7c10776df79" | wc -l
[0.02954] >> git ls-tree -r --name-only "2e3a9b6ed6db8f8555426724d105080494947090" | wc -l
0.03018] >> git ls-tree -r --name-only "c72385b1cfcbd97d364e7ca35a9ae98924412944" | wc -l
[0.03060] >> git ls-tree -r --name-only "19bde494def65de32b0de62cfbde4a6e6242c8ec" | wc -l
[0.02995] >> git ls-tree -r --name-only "8b2b02b5b69e4587e30099d297285a9dbb243626" | wc -l
[0.03610] >> git ls-tree -r --name-only "07c07d5137c4ca3fb92e923ddbab1db0f919e3a1" | wc -l
[0.03103] >> git ls-tree -r --name-only "d0e9e1e5a72faad784a62920b770aff408907f62" | wc -l
[0.02812] >> git ls-tree -r --name-only "723efb36875ef46cd8c257eeee9861333b57b2c2" | wc -l
[0.02853] >> git ls-tree -r --name-only "902a051f8943d4b822d5c9472800a5e7b248328d" | wc -l
[0.02964] >> git ls-tree -r --name-only "05e14986d53434c0e48e710ad9a51dedd8bac337" | wc -l
[0.02596] >> git ls-tree -r --name-only "c0c8066d55e7fa319c216a23a410d240994f1eb3" | wc -l
[0.02449] >> git ls-tree -r --name-only "25f15d2bba236bbffae7bb53f3175b6962adb226" | wc -l
[0.02304] >> git ls-tree -r --name-only "c0fa2ac0d24b7b7b9b5da81671ad7902f3876aae" | wc -l
[0.02350] >> git ls-tree -r --name-only "0d3f2bcf7264c14d5b3eda352cfc4e1baaf635ef" | wc -l
[0.02338] >> git ls-tree -r --name-only "8658d7b5792d5dc10bd4489155254e9dd5daeb61" | wc -l
[0.02230] >> git ls-tree -r --name-only "8887dd7761627b3ec5dd7f8c52da74d77d25356a" | wc -l
[0.02562] >> git ls-tree -r --name-only "7b36063b2616b529e7a9c58b54903a594f15bdf2" | wc -l
[0.02384] >> git ls-tree -r --name-only "431d89b892f7ef69515304eb67bc4b629dac5062" | wc -l
[0.02724] >> git ls-tree -r --name-only "4189c98e63e7236fc8a15c9b04641889d8bbbc83" | wc -l
[0.03016] >> git ls-tree -r --name-only "8dea35239e2a0a178aa49a7290ab4ebb28693722" | wc -l
[0.02671] >> git ls-tree -r --name-only "7466b5803edee8e9a7944e712faad15d83e58331" | wc -l
0.02996] >> git ls-tree -r --name-only "5172ccaa3932cf706d2e00ecfabbdfb79e9b0c89" | wc -l
[0.03003] >> git ls-tree -r --name-only "c6031a8639630ca06f66a19af64a00b61c2d1390" | wc -l
[0.02962] >> git ls-tree -r --name-only "aef5942ec454664ea7fc5f0148c7e244a8019eb2" | wc -l
[0.03377] >> git ls-tree -r --name-only "092795246013091c35e77e158d4f810b72c8d6e7" | wc -l
[0.03135] >> git ls-tree -r --name-only "2708521e4f34a4ed0adc69a8e9c7657f79845c22" | wc -l
[0.02889] >> git ls-tree -r --name-only "0c85bd2ceead4a232d6d3adf713ae11a58555a58" | wc -l
[0.02922] >> git ls-tree -r --name-only "d2a8e9b40cbce07df7973a9749234ab580e4b903" | wc -l
[0.03046] >> git ls-tree -r --name-only "81400f42ba40c2e3c5202a0861880d60ef4bbf15" | wc -l
[0.02751] >> git ls-tree -r --name-only "b31ee0e60207780ad5d6dc8976789a9c14350985" | wc -l
[0.02477] >> git ls-tree -r --name-only "b57030c6e15bc24ab46cb1211618bf0a1e59254f" | wc -l
[0.02412] >> git ls-tree -r --name-only "97cf2cde9b34780e73abdfb410d36a8fef6f4c95" | wc -l
[0.02327] >> git ls-tree -r --name-only "e5147a5cec95164f616f3c3a801bad4576084327" | wc -l
[0.02351] >> git ls-tree -r --name-only "ddba8d191473386d42af7f814437612a65977548" | wc -l
[0.02240] >> git ls-tree -r --name-only "04a17ce32841e450ff773a6ee32cb91214d9648b" | wc -l
[0.02667] >> git ls-tree -r --name-only "6c659dcc2227e68c652e9cc34cd15344dd732aaa" | wc -l
[0.02515] >> git ls-tree -r --name-only "918e7baaba89d35a78f7f642976c293722535c33" | wc -l
[0.02576] >> git ls-tree -r --name-only "f356121590a8f8ad3f19d24565cb03dc4d757a99" | wc -l
[0.02787] >> git ls-tree -r --name-only "2cf102aba6992cc6d983ab078a1e0719f51ed60b" | wc -l
[0.02646] >> git ls-tree -r --name-only "21eeb23b9e03d1c701c4b0abf3a85669359f7baf" | wc -l
0.02866] >> git ls-tree -r --name-only "f62c52b18c03c8be355b7ef08d7ab74012c827be" | wc -l
[0.02924] >> git ls-tree -r --name-only "8b8a59d5d1070c8ca3b7bf92783301fbf7e58411" | wc -l
[0.02936] >> git ls-tree -r --name-only "01701448f6aba68c6cf3a37c2f317d3d9e8189d9" | wc -l
[0.03395] >> git ls-tree -r --name-only "aabaa5836cc0d4f836c864860e627bf2ea432158" | wc -l
[0.03066] >> git ls-tree -r --name-only "4a91fa230f44d341294dbe7cabf6b9860392d87d" | wc -l
[0.02957] >> git ls-tree -r --name-only "7e3f49f25e5e44f78f76be643e59ed762fb3adee" | wc -l
[0.02918] >> git ls-tree -r --name-only "82b0fc3672ed5e812fca6dc58e5a34d16c590cc8" | wc -l
[0.03063] >> git ls-tree -r --name-only "f07b4fb04ba1ba8a3e3da9fe051e5adcb6c41f19" | wc -l
[0.02683] >> git ls-tree -r --name-only "6ea105f71c4185bd295efd9ec807dd6bd360afc3" | wc -l
[0.02591] >> git ls-tree -r --name-only "8f1214ce61679449706cfee73dd7dce2550801db" | wc -l
[0.02292] >> git ls-tree -r --name-only "8226ee56b16e55d61cfba31ee87ae9e68cf15f8b" | wc -l
[0.02270] >> git ls-tree -r --name-only "8d1e8bfd7084e3b7c9079521d6a2e0dca7e22e81" | wc -l
[0.02384] >> git ls-tree -r --name-only "f0ff46236b15c6c7b39b838ad726fac9fca5268e" | wc -l
[0.02268] >> git ls-tree -r --name-only "e1e8d37c6f98f8a21f475f8967138286a57ab14e" | wc -l
[0.02534] >> git ls-tree -r --name-only "64330a07a4f0dd49dda9c23c1ebe1e63e772564c" | wc -l
[0.02577] >> git ls-tree -r --name-only "5bd5811ddc7b47e8f7a0e67daccdbb42980d20a8" | wc -l
[0.02818] >> git ls-tree -r --name-only "a32002536276c731da5a312f43cecad25a9f687e" | wc -l
[0.02863] >> git ls-tree -r --name-only "66ea1197b2b5b2378e42ed465f2102b9ee91e783" | wc -l
[0.02512] >> git ls-tree -r --name-only "9fef805906df7ba7d4449c4031d8a9c4082d99a2" | wc -l
0.02871] >> git ls-tree -r --name-only "c48163c86cb93889f97de7952b550b7ac9bab8ea" | wc -l
[0.02953] >> git ls-tree -r --name-only "e9b619b0c810f5917858517cfd88d03c43681713" | wc -l
[0.02957] >> git ls-tree -r --name-only "08984a1cfdcf4f24e415e6b34a889fc509a4ddd3" | wc -l
[0.03221] >> git ls-tree -r --name-only "2d7a146885360c6c945a123d0721d097dccb8386" | wc -l
[0.03106] >> git ls-tree -r --name-only "6e9612bf5e42f6d5f9ff5d215f147ce982c9402f" | wc -l
[0.02920] >> git ls-tree -r --name-only "3a4c15ae5478274a6183bf1a9d839a441f3392fd" | wc -l
[0.02907] >> git ls-tree -r --name-only "e284cf4bfefe227dbde46b0c00f5c03de9fd50e4" | wc -l
[0.03049] >> git ls-tree -r --name-only "e91148a91bed4bb935dd60977b5d6c4a8b657295" | wc -l
[0.02655] >> git ls-tree -r --name-only "65c93dc6def81d8f7bc98660c8035d257ca81b37" | wc -l
[0.02607] >> git ls-tree -r --name-only "71d1e0a100ea75303d3c3a60c3f2a435fa3a7a92" | wc -l
[0.02281] >> git ls-tree -r --name-only "16f8f051490ff7ee3fbcf1940cbb8e396ea334db" | wc -l
[0.02438] >> git ls-tree -r --name-only "e7ea744573389d0152e6b1e8af7a275b88a0e925" | wc -l
[0.02446] >> git ls-tree -r --name-only "8891ea2c3ae5e475e0a0d738f7bb5c24ff5f8edf" | wc -l
[0.02214] >> git ls-tree -r --name-only "4f689baf05f5d88492dc8b16731b52cc16818f95" | wc -l
[0.02550] >> git ls-tree -r --name-only "b5eb45b7d67a099d0922fdc551cf1150a690c9bd" | wc -l
[0.02719] >> git ls-tree -r --name-only "91ef6c538a633dc31faac5ec9d6a8399ba980e34" | wc -l
[0.02658] >> git ls-tree -r --name-only "7bdbfa6571d44ea79efc217ca57024b9af0256d8" | wc -l
[0.02845] >> git ls-tree -r --name-only "0e690f624e157994d332b55489cbe74181e3c48f" | wc -l
[0.02408] >> git ls-tree -r --name-only "89d2ad772701df306f1db59d69351980b69bd389" | wc -l
0.03013] >> git ls-tree -r --name-only "da489911cb01f336770cc83d049c547b71ffb57f" | wc -l
[0.02948] >> git ls-tree -r --name-only "3b71fd8551cb8bb88a991494c86ee15dc3e6870a" | wc -l
[0.02919] >> git ls-tree -r --name-only "6a43184d060e9ee4b6136f9f2247d167557749a1" | wc -l
[0.03431] >> git ls-tree -r --name-only "4d1a3f17c90875274deb8aa3fbfd67ff1728ae6d" | wc -l
[0.03229] >> git ls-tree -r --name-only "5461925157091de6032234f10717d0cab8fe9318" | wc -l
[0.02940] >> git ls-tree -r --name-only "88d9a4d2d50c1b3a6bb239c4e576d6fc81713f9e" | wc -l
[0.02941] >> git ls-tree -r --name-only "b440170add4a9ebd36a0cf7ac675c6bfcee48fcd" | wc -l
[0.03104] >> git ls-tree -r --name-only "ac3cada426c2380cb06e1e5eb330960a08c327a7" | wc -l
[0.02620] >> git ls-tree -r --name-only "86f4cacdf7f0b7bd646dc6482b0da4144b858e70" | wc -l
[0.02549] >> git ls-tree -r --name-only "9908be7217f1d75eae03276f3817ac73eb2e16dc" | wc -l
[0.02324] >> git ls-tree -r --name-only "c8c53384d41a17d055cd79a1ad03c5e8ab8e1425" | wc -l
[0.02366] >> git ls-tree -r --name-only "13703390a1239c2922b108ae9ad646a59b576d64" | wc -l
[0.02299] >> git ls-tree -r --name-only "d9109784d816b592e9024897a350a322d251bbd1" | wc -l
[0.02212] >> git ls-tree -r --name-only "21c66807bd5fa94388281fb7c7a09f8204cf37ec" | wc -l
[0.02689] >> git ls-tree -r --name-only "dd16dcca9b9d969af13a4c5845d5d673b9bf64df" | wc -l
[0.02716] >> git ls-tree -r --name-only "03b6d1f2fd1317cb15e0b195b3160099b0689b6a" | wc -l
[0.02592] >> git ls-tree -r --name-only "88b0b9f5cd2a08f7e421a00969e4594e8c0184a8" | wc -l
[0.02960] >> git ls-tree -r --name-only "e50d18612854f57a8b405f114010d36961ac2b17" | wc -l
[0.02452] >> git ls-tree -r --name-only "5f91a76c29a10dfbf1246932ee6d5f23c7ceb481" | wc -l
0.03109] >> git ls-tree -r --name-only "435d9a932af974289af9d9afd2121e1ea0166895" | wc -l
[0.02989] >> git ls-tree -r --name-only "6fba2074bc1a86eabea71f01a505c2b47e34ee6b" | wc -l
[0.02949] >> git ls-tree -r --name-only "94501fce9daac8e88ba72ae78b943a7899664464" | wc -l
[0.03623] >> git ls-tree -r --name-only "6ab893f7c7e4deb94db6c2804bbd129839dc7241" | wc -l
[0.03084] >> git ls-tree -r --name-only "c63a072dd98c47a783e98aa33d54d18e8d265af2" | wc -l
[0.02975] >> git ls-tree -r --name-only "c98f730eb6511fc8f235adf724bb279e6c41f72c" | wc -l
[0.03130] >> git ls-tree -r --name-only "fde879f3088e99007d592ba3b529868ff6ac98aa" | wc -l
[0.03295] >> git ls-tree -r --name-only "4212d6dd578b33aeed4c1b61c97d98c1ff6b5f9e" | wc -l
[0.02808] >> git ls-tree -r --name-only "1dd9471dfdb6ea66dcd94c20f14f997341fc2cc3" | wc -l
[0.02587] >> git ls-tree -r --name-only "4d149119c38a9f87748e8eb859e4f7598bcfad12" | wc -l
[0.02499] >> git ls-tree -r --name-only "c7055be731e59b19fcb52993e1fbf8d467c78989" | wc -l
[0.02508] >> git ls-tree -r --name-only "02c97f268f16dd37c6f0bfff5d6bac997eee229b" | wc -l
[0.02353] >> git ls-tree -r --name-only "ae513b68d0c98be970c7c3febf468488fdc61d80" | wc -l
[0.02619] >> git ls-tree -r --name-only "75cc11582254c3dd019f63d745622b15f5cc1a45" | wc -l
[0.02385] >> git ls-tree -r --name-only "eb4dc16398e8558bce4eeacb5f5a49bacb3408fa" | wc -l
[0.02732] >> git ls-tree -r --name-only "a91fd185204f1f21349c164df8b990a1b2d64e6e" | wc -l
[0.02994] >> git ls-tree -r --name-only "f5a43060b7c6d96a338350dd7ee8f88be7af70ff" | wc -l
[0.02731] >> git ls-tree -r --name-only "80cda14480af248db40f45d4bc1d1fed4b79cb2e" | wc -l
[0.01649] >> git ls-tree -r --name-only "23867e596ec6ab77df35254b1063fd64044eede9" | wc -l
0.02891] >> git ls-tree -r --name-only "d16b2a7d44fddca9f3c4e721cb0476d2a5f5af2a" | wc -l
[0.02863] >> git ls-tree -r --name-only "947256b48bdb73ff1b661151d30820a2c63720d3" | wc -l
[0.02938] >> git ls-tree -r --name-only "174b68dd9d45fc4ccaf997575fa875f459be90ae" | wc -l
[0.03310] >> git ls-tree -r --name-only "09b8d5ac0b13e485edd8df61d91dcc70bbe0386a" | wc -l
[0.03158] >> git ls-tree -r --name-only "95296a3b0f4910d620c215f81e45779aeed3bddf" | wc -l
[0.02750] >> git ls-tree -r --name-only "4555f7fe0e4e75f5a84aa3ac8a7dd7f41997b91a" | wc -l
[0.03033] >> git ls-tree -r --name-only "46fec1727673bcd5356fe364d806550f0c82f5a8" | wc -l
[0.03018] >> git ls-tree -r --name-only "4dc1f5a44dd4b23ef4b5d0d42a813d0fef410958" | wc -l
[0.02736] >> git ls-tree -r --name-only "42e78de10c3c0f3e9f7e25b812c0b4d1a554e8fc" | wc -l
[0.02387] >> git ls-tree -r --name-only "d47902a0afe2b4de3669afa522a84027365eef0d" | wc -l
[0.02354] >> git ls-tree -r --name-only "5b7604bdab7e7352dabfa3016f67591670c3067d" | wc -l
[0.02369] >> git ls-tree -r --name-only "c167673b057bb9748d34dc848b29218492263955" | wc -l
[0.02415] >> git ls-tree -r --name-only "0e48c5f40bc1fc66aec13d7e9abb9435a5cbd06b" | wc -l
[0.02301] >> git ls-tree -r --name-only "4caca189eb3a079f2bd3cc48b506b237081694aa" | wc -l
[0.02590] >> git ls-tree -r --name-only "946fc5d9df7f7fe5cc2f0479bda87f2bac383293" | wc -l
[0.02814] >> git ls-tree -r --name-only "8f329b5ff7a73d06875ca347f2d6765326ffc542" | wc -l
[0.02578] >> git ls-tree -r --name-only "db3bd3bb7cae0991b48a88ab90ebfa64cd5d33d9" | wc -l
[0.02992] >> git ls-tree -r --name-only "1dd599440c68ade92eac292d9ca18f2b3827e9f0" | wc -l
[0.02493] >> git ls-tree -r --name-only "cc70fe6b4ea410122bcee1dcefa7809b99cd261b" | wc -l
[0.02707] >> git ls-tree -r -l -z HEAD
[0.03101] >> git cat-file blob b824ebdd48db917eea2e67a82260a100371f8a24 | wc -l
[0.02821] >> git cat-file blob 4c19a13c239cb67b8a2134ddd5f325db1d2d5bee | wc -l
[0.03037] >> git cat-file blob 3ab3e9cbce07f7cdc941fc8ba424c05e83ed80f0 | wc -l
[0.02603] >> git cat-file blob a73177f165f2fd1283184992e412181cf56b090b | wc -l
[0.02824] >> git cat-file blob 5885930df6d10edf3d6df40d6556297d11f953da | wc -l
[0.02572] >> git cat-file blob 19e7a0576c4d953844f26344bd3ce7249edb9b47 | wc -l
[0.02575] >> git cat-file blob fc07d4b36118cdab5cf410ee48553c032c73ecd2 | wc -l
[0.02388] >> git cat-file blob deed6812cf1c6dfda4f3e4d6e72848f4cc0eab02 | wc -l
[0.02621] >> git cat-file blob db3add3063f7526060368cc58d699de3071ccbc9 | wc -l
[0.02653] >> git cat-file blob db2e9bbe1e1156d1da19edb68079c61bd6e1923b | wc -l
[0.02615] >> git cat-file blob b41be6d1971c3f8514d7a932b90d3c21e986aee4 | wc -l
[0.03106] >> git cat-file blob c5a162c5ae4930ced9eb0cfe7b1ed66538cdedd7 | wc -l
[0.02720] >> git cat-file blob 338a273db7db1dad12ed5ccd7f252b943c25f2e4 | wc -l
[0.02694] >> git cat-file blob b3f7ac1c8bc3ab023c1ab8e65ef33d9b1744ddb9 | wc -l
[0.02928] >> git cat-file blob f7b5abccde5ed3a9a4e807bd26c88db9eacd4d8f | wc -l
[0.02248] >> git cat-file blob 773d903b04e437bdf879c3aa93760025d2461ae3 | wc -l
[0.02282] >> git cat-file blob 110c79b78b96a53f06b206bbad1fed6ad30bd4b9 | wc -l
[0.02289] >> git cat-file blob a3649b92d136999eac9b10a4d61f46c13da28b4a | wc -l
[0.02502] >> git cat-file blob 2a07d47e219db194e06f4035286f4e012a15d34d | wc -l
[0.03639] >> git cat-file blob 0b9819c95e9e0ed152f63bae0306f80e39cf7d11 | wc -l
[0.02701] >> git cat-file blob e765171fc7da93150b23b1bead5b16cde3fd4b94 | wc -l
[0.02589] >> git cat-file blob a67c76b5d0d224b591b4d22fa48a855cc7fd8e70 | wc -l
[0.02457] >> git cat-file blob fb62eebf85ff8b6397f4f2b7490336a9be7441de | wc -l
[0.02516] >> git cat-file blob 0602ad6fb197f3c39ee536b2d0dc355b785797fb | wc -l
[0.02527] >> git cat-file blob e14ec27c7d560b1fc25ece60fb60f8bc2b631293 | wc -l
[0.02466] >> git cat-file blob 3ac1e817c7b6f5c3bf21cf54e8f844631c5b68e5 | wc -l
[0.02508] >> git cat-file blob c133768cc15aba77c357ab9c8b43c48ba3f8c378 | wc -l
[0.02790] >> git cat-file blob a74ae20b2887722436a2e20b5add303072bb6f5d | wc -l
[0.02833] >> git cat-file blob 9217480a0b509279b0890347082765ec2e13118a | wc -l
[0.02431] >> git cat-file blob 611f7b132e8c87d0eedbf93a84b96ec3effe502e | wc -l
[0.02560] >> git cat-file blob 9bbd52f688211992823ef2bd2ac1f41e2ad27de1 | wc -l
[0.02783] >> git cat-file blob ca4ea4f7ce945d31dd033d38ea3791b2fe36377f | wc -l
[0.02519] >> git cat-file blob db9d1a3a00a6648de3098ebd7349dc17bbcd1166 | wc -l
[0.02522] >> git cat-file blob c0d4785e0e22c8d1e25d3162fcf9583d1fecb412 | wc -l
[0.02521] >> git cat-file blob b93d3f00071c2a6bb73df7544aff9fa63f30c058 | wc -l
[0.02296] >> git cat-file blob ca58656c5323810e29c6c7e2bb9d4f384cbed0ad | wc -l
[0.03206] >> git cat-file blob 77a092a47d2b772800a80b107147e2a22be3d7ad | wc -l
[0.02791] >> git cat-file blob b56a1c1a8aaa7d252e05c1dcaf570947b84e2353 | wc -l
[0.02941] >> git cat-file blob c802e5bf86676dfdde51fde35bacb2cfb96ae080 | wc -l
[0.02738] >> git cat-file blob 503184b97e2a0eea4bf6c06ab69dc058131a8aaf | wc -l
[0.02678] >> git cat-file blob 5c9667a9c37ff57aec45d6befad3ed0831a11114 | wc -l
[0.02576] >> git cat-file blob 9e71cbfef7d0e28f8e6b4dc8f0dc5330b8680245 | wc -l
[0.02651] >> git cat-file blob 9978981220c40666a3cfd9911181a5f02704bfb3 | wc -l
[0.02316] >> git cat-file blob b73ac4ba09ee5f48ffbb8f4bc317fb42e5982cd7 | wc -l
[0.02667] >> git cat-file blob 89ea243e534ee7c0059439b059028341fde63e68 | wc -l
[0.02594] >> git cat-file blob 6bbe4e598dc8a05b8cf5c0df6e98efe929ef3aeb | wc -l
[0.02665] >> git cat-file blob e69de29bb2d1d6434b8b29ae775ad8c2e48c5391 | wc -l
[0.03096] >> git cat-file blob 43edfac5809e1a75336f42e7278fc6f9dafbcd7c | wc -l
[0.02802] >> git cat-file blob 507b20a1776062a6b57514b9fcd7d9cd27918e90 | wc -l
[0.02709] >> git cat-file blob ba364c24cfe59a06aa5505d7995d105ccc654054 | wc -l
[0.02797] >> git cat-file blob a8ceb0309246264110377d954ec79d9c4e31c5d0 | wc -l
[0.02562] >> git cat-file blob bdb0d5fde8635536bca870135763103d4d9f019b | wc -l
[0.02298] >> git cat-file blob 0b9819c95e9e0ed152f63bae0306f80e39cf7d11 | wc -l
[0.02372] >> git cat-file blob 223c707a986e5b76b796dc2b191436414e118ee0 | wc -l
[0.02482] >> git cat-file blob 52db02dfcfb62cf08a77067c17f98902adfd11e5 | wc -l
[0.03672] >> git cat-file blob 52a23b7991170a6f16a415cf75a5f9b2d7df9812 | wc -l
[0.02533] >> git cat-file blob b3d960aaa9bf923c3007c81272911f08876d3fe2 | wc -l
[0.02476] >> git cat-file blob 5856bf9b9057811027144f09e27e45a49dd87c4b | wc -l
[0.02430] >> git cat-file blob e69de29bb2d1d6434b8b29ae775ad8c2e48c5391 | wc -l
[0.02475] >> git cat-file blob 3594362e5645eb9661202d012cea52810b713bf3 | wc -l
[0.02739] >> git cat-file blob 1095e2537d2bdd9ebc28e12ee51f494a019e5a31 | wc -l
[0.02559] >> git cat-file blob 17ded50c82471e0643816caf1458f15964b517cc | wc -l
[0.02529] >> git cat-file blob 2de32f5eb0458165d0918367edbb7e4e372d68e5 | wc -l
[0.02417] >> git cat-file blob 12c86fcd6248182d854485cdf82cf7ff19df1cc4 | wc -l
[0.02784] >> git cat-file blob 2dbfb122e5541114ae05e46f6e53f414266529a5 | wc -l
[0.02353] >> git cat-file blob 573ef785d027e4fa5af4171864e8cc0ab85d65ed | wc -l
[0.02663] >> git cat-file blob e0942ca0f7a64e2f724559b6c89dd9759ab892f6 | wc -l
[0.02773] >> git cat-file blob f522027508e0f0065271bb5655ee5d99218b2cb6 | wc -l
[0.02528] >> git cat-file blob f3d71aa65b5082fb2ae669c6c5d7a19d5909b4ec | wc -l
[0.02553] >> git cat-file blob d484fff0199844366baba0c4c413a8804236742c | wc -l
[0.02401] >> git cat-file blob 7eacfa61b3f24bdcdfb37d9cea341befcb905295 | wc -l
[0.02351] >> git cat-file blob 825e5521fdd8d5a0fdc68b36114eace54ea25693 | wc -l
[0.02249] >> git cat-file blob d42fc71c8d2f09b5a447a33b8154ee0efbd01ae5 | wc -l
[0.02297] >> git cat-file blob 36a4e5af25d86172bc9c698bff9e267c9d9e37f3 | wc -l
[0.02397] >> git cat-file blob 045c498eddd1604fa33d830f6eb852f7a4fc13b0 | wc -l
[0.02492] >> git cat-file blob dabfb957af02728f9d958a02ef4b8f80a8c0f3b5 | wc -l
[0.02288] >> git cat-file blob 5288b2718521ee5a9a69668bda1cdb57a8989071 | wc -l
[0.02266] >> git cat-file blob 2e7ec747a2ba02cb7040995f7c9c5c608df24a0d | wc -l
[0.02289] >> git cat-file blob 64f880e489ca3306b891dd7bdd18556eced1b27a | wc -l
[0.02357] >> git cat-file blob 70bbc15f61ae12cff321aa3594fef4667d5ec52e | wc -l
[0.03063] >> git cat-file blob c24c63e6254069b21f49edc768b60f69bc1b2a83 | wc -l
[0.02732] >> git cat-file blob 55e4d56e7e78bf8986df22763e184f715ccec99e | wc -l
[0.02757] >> git cat-file blob ec291f3c1ed7f71021789995ee147869c793bdfc | wc -l
[0.02665] >> git cat-file blob 0b84bb3a4f468ba66a9da069e1479a6dca3de35c | wc -l
[0.02581] >> git cat-file blob 5f90b410a7e4fb7c39d459e38d9aba6f51bbadba | wc -l
[0.02691] >> git cat-file blob 098772021ea6fff33c7c089012bc3c2a7606037c | wc -l
[0.02586] >> git cat-file blob b30063da344c2ee5e09db9f4d3df284feaac7870 | wc -l
[0.02530] >> git cat-file blob 118efed045cdf976125b291788e764f4fc8a39b0 | wc -l
[0.02522] >> git cat-file blob 4b2f4842ec715cd357d195db087c5c9a26ed65f3 | wc -l
[0.02809] >> git cat-file blob 3532bc4e7337e35d0407ebb54a93ae9c0c86bdf1 | wc -l
[0.02631] >> git cat-file blob 63ae78b3437a6aee4769ecee4a2a5def7b4086e0 | wc -l
[0.03239] >> git cat-file blob 261af3adf7bfe5080913299dba0b884aaeeee9bc | wc -l
[0.02647] >> git cat-file blob 8ee4e190e9124fe4b0f9c94d2340dfd6f22f6d44 | wc -l
[0.02716] >> git cat-file blob 2ab53b35eee5a2aae88a7a02cea685ab3697eaa4 | wc -l
[0.02751] >> git cat-file blob 52e54eb4db26ab9cda97c5fd91037ceabb1f24b4 | wc -l
[0.02633] >> git cat-file blob 6b177a9ca1c5e68b52f70a6348b80c5c4bfcc86d | wc -l
[0.02495] >> git cat-file blob 70462a97bb2c16cea9c8b42ab73e8abd39670121 | wc -l
[0.02338] >> git cat-file blob 543f8a1884c762e8f8691acba5e265ff6791c144 | wc -l
[0.02314] >> git cat-file blob ac4febec1fe88013021b41ab3b6c6a9b487edd42 | wc -l
[0.03578] >> git cat-file blob 0c218b31de37cf814fe9e5e8c34216796215d1fa | wc -l
[0.02362] >> git cat-file blob a4b67c9f919f647adadda79f61289dd746db00c4 | wc -l
[0.02539] >> git cat-file blob f85b62c6f0ddc720b53697444235dc7506a938ae | wc -l
[0.02563] >> git cat-file blob c967c7ae210dc55f81dd2b143b0e0434e4483f8b | wc -l
[0.02289] >> git cat-file blob 2185f9cfb420629deece0ab621106e5d58c42f1e | wc -l
[0.02519] >> git cat-file blob 6d4faf43737510448d4dedcc4e9866d1354119a9 | wc -l
[0.02523] >> git cat-file blob 3300e6c2d0c6ac3bce0de862eb24f228fa9526bf | wc -l
[0.02403] >> git cat-file blob 2207d9135826e7e5bacb84311a2f910b810f59b5 | wc -l
[0.02700] >> git cat-file blob 0bb6fd99cce7fabe4ceb15226c702b829fb2dea4 | wc -l
[0.02520] >> git cat-file blob 2b095e00f1988ed6dd29a2913600865d3c457725 | wc -l
[0.02621] >> git cat-file blob 6d1873404c38ee72bf0a513e95ba6ef0f5cd6555 | wc -l
[0.02555] >> git cat-file blob bc30ebc9e7df94b6c48ff6600a126e57e64218ff | wc -l
[0.02698] >> git cat-file blob 32035953caf027234af522183364b0d3f9dc31c8 | wc -l
[0.02592] >> git cat-file blob 29c9bbd6e5ff389cc68d171cd582e77ebcca3214 | wc -l
[0.02583] >> git cat-file blob 5d5c565f2d7a54dfd4ffac8e32fb7c2289d59f53 | wc -l
[0.02440] >> git cat-file blob 51781ff0d1e2d921710e20cb3ddf81d2277eaf96 | wc -l
[0.02341] >> git cat-file blob 3d257832324c62b86e28fac119a9253867a40623 | wc -l
[0.02306] >> git cat-file blob 66aefac0a201c9bdca06b8d6987e8cf81903a5c2 | wc -l
[0.02266] >> git cat-file blob e742dd5def365406d837b890568b628ff521b53a | wc -l
[0.02114] >> git cat-file blob 19e7a0576c4d953844f26344bd3ce7249edb9b47 | wc -l
[0.02307] >> git cat-file blob ad374111f089c328e7978a35c5d002bf6db07ebb | wc -l
[0.02259] >> git cat-file blob 9d9af69ef919809c6245622f895fb25237661df7 | wc -l
[0.02259] >> git cat-file blob 9caae90536315a4f192c0a8720833db64b70462e | wc -l
[0.02222] >> git cat-file blob 8d2354ebc2e92448fc541bf502878dbd60adb3d6 | wc -l
[0.02241] >> git cat-file blob 50225043a67d0d9ed35b79ec6434f85adfcd1f75 | wc -l
[0.02221] >> git cat-file blob 0baaa5cf1703c65d3fd5a2744eb61f6e5e0cb891 | wc -l
[0.02003] >> git cat-file blob de878f256aaecdd35d29e7b01f5fbb0a22872146 | wc -l
[0.02248] >> git cat-file blob e4db260d3ef2c44382abdb616051572763599727 | wc -l
[0.02099] >> git cat-file blob bec5599fb69476a68761b7cb13ed5d80236cfdaa | wc -l
[0.02996] >> git cat-file blob d5fccc538c179838bfdce779c26eebb4fa0b5ce9 | wc -l
[0.02747] >> git cat-file blob 367bd1abdd5f40e26064e96b811842e911552c5d | wc -l
[0.02831] >> git cat-file blob eca70cfe52eac1ba66ba280a68ca7be8fcf88a16 | wc -l
[0.02643] >> git cat-file blob eca70cfe52eac1ba66ba280a68ca7be8fcf88a16 | wc -l
[0.02637] >> git cat-file blob a2f5908281d070150700378b64a84c7db1f97aa1 | wc -l
[0.02658] >> git cat-file blob 1b523998081149a985cef0cdf89045b9ed29964a | wc -l
[0.02598] >> git cat-file blob ff10afd6e182edb2b1a63c8f984e9070d9f950ba | wc -l
[0.02475] >> git cat-file blob 115a4c768a20c9e13185c17043f4c4d12dd4632a | wc -l
[0.02571] >> git cat-file blob dcd3cd8083358269d6ed7894726283bb9bcbbfea | wc -l
[0.02527] >> git cat-file blob 459ca609d3ae0d3943ab44cdc27feef9256dc6d7 | wc -l
[0.02595] >> git cat-file blob 8ca12fe024be86e868d14e91120a6902f8e88ac6 | wc -l
[0.03140] >> git cat-file blob 8e19b410a1b15ff180f3dacac19395fe3046cdec | wc -l
[0.02765] >> git cat-file blob 64770290b6dbf0730432b43d248a3998318eaefa | wc -l
[0.02576] >> git cat-file blob 8cd1007b721e1b593979f73776f593db7f9f1d61 | wc -l
[0.02691] >> git cat-file blob 478b4943f6ba06230c8953a2818972b2ad214dcd | wc -l
[0.02520] >> git cat-file blob ccd8aa30c684315734fd0bbf4239193930e41391 | wc -l
[0.02451] >> git cat-file blob ca19b8c2e09f29912b42b808fcc2f081bc2b0c9e | wc -l
[0.02554] >> git cat-file blob c5e56518c3a09449fde791bb14947eed09b0b18d | wc -l
[0.02380] >> git cat-file blob 77d77965ce4348a8462f31f26b846e4044283f53 | wc -l
[0.03523] >> git cat-file blob 8cd1007b721e1b593979f73776f593db7f9f1d61 | wc -l
[0.02671] >> git cat-file blob 6ec7b354f2e5a85bca02819a6b76a3fb09615125 | wc -l
[0.02419] >> git cat-file blob f59e1d5ed30aca7824fafdd314d6cd539126bfa4 | wc -l
[0.02512] >> git cat-file blob 740ba68cb72eecfc16283e66114cadd0f5f3c2c5 | wc -l
[0.02402] >> git cat-file blob 857e1e243c4977906d022144f2f47e6920bae8bd | wc -l
[0.02575] >> git cat-file blob 4b06c54105514a506c467c7b93a2089bd21e20ab | wc -l
[0.02530] >> git cat-file blob 31ef073a945d602d04854e21c54a9aa4d73925ee | wc -l
[0.02422] >> git cat-file blob d7e25cc6fcec2682c27938f8683f71bb8f7b47c0 | wc -l
[0.02659] >> git cat-file blob ee6754913db598276586c96e2454651694fc7c53 | wc -l
[0.02640] >> git cat-file blob 7dfeb582972f17804b74206320680e21ca301933 | wc -l
[0.02589] >> git cat-file blob 5cfd51537c21757a90911cfec63c719feb37f2e0 | wc -l
[0.02750] >> git cat-file blob cc0eec78c500a2acb62d814e5cd4a4ab4961f904 | wc -l
[0.02726] >> git cat-file blob ba4c748d634efd4552263aa75b8e5b440668d185 | wc -l
[0.02664] >> git cat-file blob 5ab2e4848dec374e9138995d89b914bc17543003 | wc -l
[0.02596] >> git cat-file blob d3c7c35076c0fd12d012a3ee81b621a4ad06523a | wc -l
[0.02537] >> git cat-file blob 65a61e036ed88755c5717d72e948ea781bdfcb88 | wc -l
[0.02349] >> git cat-file blob 2ca66b523d4ad571a908194fdb86552786112087 | wc -l
[0.02195] >> git cat-file blob 8e287965ff44d09a56d794add445505d7cc25c71 | wc -l
[0.02193] >> git cat-file blob e69de29bb2d1d6434b8b29ae775ad8c2e48c5391 | wc -l
[0.02144] >> git cat-file blob dae4a9df8d6145a97c8eea0f00445d50b235709a | wc -l
[0.02344] >> git cat-file blob dae4a9df8d6145a97c8eea0f00445d50b235709a | wc -l
[0.02287] >> git cat-file blob 0b3ed938cc2245b214c8c1ed9a316060059cef3d | wc -l
[0.02278] >> git cat-file blob d79dbd764fc8a8881efe1af16b677030f12b1aa9 | wc -l
[0.02085] >> git cat-file blob 34a505f53e8bd2ba26e64fb6969f41ded26692aa | wc -l
[0.02241] >> git cat-file blob e5fae1e974524ec883cd4b8e8a5dce4328953951 | wc -l
[0.02199] >> git cat-file blob 52caeee9d37851c2e992e4b96ce5eef1ca0c0bf1 | wc -l
[0.02046] >> git cat-file blob 52caeee9d37851c2e992e4b96ce5eef1ca0c0bf1 | wc -l
[0.02155] >> git cat-file blob 243439fe3d4af8453b529421cc646877903528e9 | wc -l
[0.02043] >> git cat-file blob 8486dbfb595211ce75d53c525e743538a2ecdcd9 | wc -l
[0.02981] >> git cat-file blob 50967281fee5ffe2c537a764179d732c56470921 | wc -l
[0.02772] >> git cat-file blob 5556ad690913de9490b78c0782c168fd05a54bf2 | wc -l
[0.02766] >> git cat-file blob 505ce346b3ae27eec44b7b9d017a68e361e9ef2d | wc -l
[0.02676] >> git cat-file blob 16cfcbe30d43dbbd352999d87eb0cc21ebd0ddd0 | wc -l
[0.02685] >> git cat-file blob 6295a0459da65743576c59602c42c98fbaa2f2ab | wc -l
[0.02651] >> git cat-file blob 50967281fee5ffe2c537a764179d732c56470921 | wc -l
[0.02522] >> git cat-file blob 424a01731ceda501ac09e912e2000d42436d1446 | wc -l
[0.02537] >> git cat-file blob c967eeef01dc186d213e46b0bee4f729a177c762 | wc -l
[0.02615] >> git cat-file blob 37c5ef870174a4ba32daaea535efd260e2a65f45 | wc -l
[0.02564] >> git cat-file blob 80d54fe8207f03eadb7d5f65622f2a9468d4b3e2 | wc -l
[0.02547] >> git cat-file blob b614c8e085202c2814e01c8c9fcb67ad4962654d | wc -l
[0.03201] >> git cat-file blob 2153aa83059a861c0a26f718ef46fe2934fe0d7d | wc -l
[0.02675] >> git cat-file blob 71d7fef356232f0d7ed1e1e6c09b5a15ffa05fc3 | wc -l
[0.02666] >> git cat-file blob 110c79b78b96a53f06b206bbad1fed6ad30bd4b9 | wc -l
[0.02672] >> git cat-file blob 5c609baad89eba9bfcc4531ef1aca77b554f2578 | wc -l
[0.02678] >> git cat-file blob b8a37559396560cbb3cd9f02b90075178241935b | wc -l
[0.02253] >> git cat-file blob 4ec90fb2fc5bfc21500e3fc9a0711fd9b7da412c | wc -l
[0.02462] >> git cat-file blob f706e166a67322112a7b88f709d5f02ef540c0b6 | wc -l
[0.02443] >> git cat-file blob 524f44e40b89212dbdaddea8237261f05bd2a900 | wc -l
[0.03674] >> git cat-file blob 736eabf4ed68b511ebd3161d18766e6278a4fa1c | wc -l
[0.02444] >> git cat-file blob 1187c0c52ff9f538c0631408ef502f53d7fd32d2 | wc -l
[0.02468] >> git cat-file blob 16e4db4c69b735202847d7ca78aab5c990ee0d37 | wc -l
[0.02597] >> git cat-file blob dff41cac9eda765c91069df32119f124993f5aae | wc -l
[0.02369] >> git cat-file blob 91181b214aa2fdc1baddbe71c39a6285a7b07f8a | wc -l
[0.02682] >> git cat-file blob 92e282b3c25868cc6aeb9c42511fda0d615e64fc | wc -l
[0.02516] >> git cat-file blob 3537b378fcbcc94d070551408533cd0b23508c83 | wc -l
[0.02416] >> git cat-file blob 9dfc4b214f0276ebefd5c6ba7e0863fe8de8781f | wc -l
[0.02632] >> git cat-file blob 71d7fef356232f0d7ed1e1e6c09b5a15ffa05fc3 | wc -l
[0.02554] >> git cat-file blob 110c79b78b96a53f06b206bbad1fed6ad30bd4b9 | wc -l
[0.02603] >> git cat-file blob 3e5dbb80604b4930f7d2d512b89cab03a84f790d | wc -l
[0.02602] >> git cat-file blob 6d8ad95fa60324ffb53a432fe19b0be9b752adc9 | wc -l
[0.02712] >> git cat-file blob af6534d128e4a3bc980a5bfbbe8026115ae1d231 | wc -l
[0.02572] >> git cat-file blob 07d743e00ffe8b3097fe2b9ded474a79814e4c1e | wc -l
[0.02627] >> git cat-file blob a8f975bcc4f2bc95ba4426f56a60644dbd0e744b | wc -l
[0.02425] >> git cat-file blob ce67ab182878b6a67f8f8a90f16eb50da36cc898 | wc -l
[0.02353] >> git cat-file blob 638bde67aa51319208c79f545424508b15abe0c3 | wc -l
[0.02257] >> git cat-file blob 0bb227b42d9144027e1b29c9790dbe481eb81f77 | wc -l
[0.02318] >> git cat-file blob cef9af7ce3d6a7f4e970ff914904cf3f7183970d | wc -l
[0.02298] >> git cat-file blob 89b5e33673de735be0c35f544ab0307ae8787d94 | wc -l
[0.02423] >> git cat-file blob 304947932bf857251af839f6f8e0392e762b959c | wc -l
[0.02375] >> git cat-file blob 7a4a8985e1b74187d1addf8223fe42ebfd800453 | wc -l
[0.02256] >> git cat-file blob 28334786f378a4f5ba60bf5c5847ea82f276210c | wc -l
[0.02132] >> git cat-file blob 1159664f2555931d019fbc45c89816cef12fbdf1 | wc -l
[0.02170] >> git cat-file blob 2bf052c158b6bff5513908011b9ebca8fa37d00d | wc -l
[0.02269] >> git cat-file blob 2319fb5ee045814718d64d86380d9267317a6be5 | wc -l
[0.01930] >> git cat-file blob b4f469f3a083fc5045034b705ae649d51d9d3c4c | wc -l
[0.02051] >> git cat-file blob f6a486c4ec8e8d1b781b624a888c77a6ec05d8c6 | wc -l
[0.02137] >> git cat-file blob f6710cf2ffdfa983f9f00ba94861e2b4bfcbd1e6 | wc -l
[0.02996] >> git cat-file blob 5ceb3f76e0986f0c0287b274cca692349554cbb9 | wc -l
[0.02819] >> git cat-file blob 4aae7a27ad756b997c52ec4bf3164a2a4e52ee82 | wc -l
[0.02730] >> git cat-file blob 0b18ff844450cdd695a536f6036a3f82ec576ee5 | wc -l
[0.02679] >> git cat-file blob 4c16832926341136edd3d06a5a368f952177739d | wc -l
[0.02711] >> git cat-file blob 75554b2d0af9982f550e95f70f19f51b7731d8ab | wc -l
[0.02641] >> git cat-file blob 8af0672660a25e671499772fadd0a2309b038161 | wc -l
[0.02528] >> git cat-file blob 6d05292676ef3df0a45fc1f83f9f3abf5c1978a9 | wc -l
[0.02539] >> git cat-file blob f6724fd1d3bd506f535cea3e75954a709f3d2201 | wc -l
[0.02506] >> git cat-file blob b28dfc6caf149f5c0321c6be53a1af648807de5d | wc -l
[0.02605] >> git cat-file blob c42ed6ebe60da0c2152dd1adcbf4b83c91350d75 | wc -l
[0.02542] >> git cat-file blob 48bad31f265a471761b21335e497338d8b59ee84 | wc -l
[0.03142] >> git cat-file blob c7bd21dbd86990cde81fea8abd3bf904b4546749 | wc -l
[0.02728] >> git cat-file blob b32e9ad3efb77d0b99dc676e6515e17e2c337e40 | wc -l
[0.02544] >> git cat-file blob 4e1188e9eab99c48b3e04910095190bd5f69f7f3 | wc -l
[0.02775] >> git cat-file blob 6ec7b354f2e5a85bca02819a6b76a3fb09615125 | wc -l
[0.02670] >> git cat-file blob deb3b7011464ff741ffe10c2e5efc92d5eb1802f | wc -l
[0.02297] >> git cat-file blob d45398538f19db99642f2300d2e7481c224a69ef | wc -l
[0.02338] >> git cat-file blob 740ba68cb72eecfc16283e66114cadd0f5f3c2c5 | wc -l
[0.02571] >> git cat-file blob 9dfed43d2db6faf7a5c18b557d0350a9c2ec56bb | wc -l
[0.03644] >> git cat-file blob 1f57531647590cd7f0ae26e4bfb1902fbc953bc7 | wc -l
[0.02431] >> git cat-file blob e4999631fb6f2a33d1803a707cf2411b766c8e06 | wc -l
[0.02523] >> git cat-file blob ce3422ffe680d2b16c131e87e7ae257f2a24638a | wc -l
[0.02517] >> git cat-file blob 83bc4f08384d1df0dc334db14c153d8d22897b88 | wc -l
[0.02404] >> git cat-file blob a08ce9e80f234f6e647cff4c72aef29cbc517cee | wc -l
[0.02633] >> git cat-file blob e71f0de67c309871398b57f2aa92e79c780adbdb | wc -l
[0.02542] >> git cat-file blob 93f05f4153d27b318e4099ac93c662df3cedfc2c | wc -l
[0.02276] >> git cat-file blob dff4813b955559d4e22857a9683b276dda8ef422 | wc -l
[0.02646] >> git cat-file blob 08cfae890a806ef179329a38523f4e3c1f6afa1b | wc -l
[0.02657] >> git cat-file blob 4d92b762dfc2fa9eec6404d80043958eb5657db8 | wc -l
[0.02607] >> git cat-file blob 1a2ede78b6b38afb5394bdc34130949779ec24fb | wc -l
[0.02555] >> git cat-file blob 69be176ff286b8e6279395767b3aef52cb05977b | wc -l
[0.02651] >> git cat-file blob 32ad10fd1bf8c5e29cb14f8abb9ad34e2cd95925 | wc -l
[0.02643] >> git cat-file blob 4ad5a55eeeaaa7d461d00fccfa7dde0b0f570bea | wc -l
[0.02584] >> git cat-file blob 6a27096063431bb90d3f8b2485edba4adbac93c5 | wc -l
[0.02520] >> git cat-file blob 41277d311b91a87faba7ff3e2f95e81681537146 | wc -l
[0.02281] >> git cat-file blob c07503bc324405cc5a650b409fae91e739a00fa6 | wc -l
[0.02232] >> git cat-file blob e7c6a0cee4c801796a3b0ceb0d720994db729da3 | wc -l
[0.02301] >> git cat-file blob badb84243766c2e7d0d566000373def1bb43a867 | wc -l
[0.02192] >> git cat-file blob b3a211cf4ff8eeb5d54a3eb2683e97a1f0ef529d | wc -l
[0.02421] >> git cat-file blob 81efcc5934b8a5d3e31acfaad6accb949e06ce1d | wc -l
[0.02311] >> git cat-file blob e4db260d3ef2c44382abdb616051572763599727 | wc -l
[0.02311] >> git cat-file blob 53bb1cb431d2e87dc4b399406eec7f679b231ca4 | wc -l
[0.02261] >> git cat-file blob 148a4a530941d434fad5c7af4805a00fb8ba4f85 | wc -l
[0.02277] >> git cat-file blob eb560c230a1e910872b727865db51f4871985cbf | wc -l
[0.02079] >> git cat-file blob 3cc818e82025af0789b59f4407ed83741feb2c86 | wc -l
[0.02027] >> git cat-file blob d7fc97dbcc8d0f4e7c773eddeb72b41ca5906cff | wc -l
[0.02206] >> git cat-file blob ac1a4ea455e328f938f4c5172b58dba69687cfb9 | wc -l
[0.02057] >> git cat-file blob 7821a89d17ae769bc802e766d0f5d525c5605855 | wc -l
[0.03014] >> git cat-file blob 17707860e26e71bdca8692f90cd05cedc231c5c2 | wc -l
[0.02803] >> git cat-file blob 917fa1e17a368b513722968d5ee68457bca464f4 | wc -l
[0.02761] >> git cat-file blob 2e9114523dbc10d28337d98aff51c9f358eec8ff | wc -l
[0.02769] >> git cat-file blob d645695673349e3947e8e5ae42332d0ac3164cd7 | wc -l
[0.02526] >> git cat-file blob be7c39d56b119c028cf506eba72093e72e9e15b2 | wc -l
[0.02694] >> git cat-file blob 65d626c65592c0a9d05b143fcd2129e619bdda1d | wc -l
[0.02573] >> git cat-file blob f9d8c7a62c8d4c9c9c7c9809e210780f5868dbd1 | wc -l
[0.02427] >> git cat-file blob dc6a3f77caa67c55757321910d26b2b32331e885 | wc -l
[0.02605] >> git cat-file blob e7335784ae5ba68c455b8fcb6eafd437b6aefa59 | wc -l
[0.02607] >> git cat-file blob 1ea7f9021b45416f03fb33adf250a6ee654c11a3 | wc -l
[0.02788] >> git cat-file blob 5092d0985da861188d0a7d5af8765c301cb2a452 | wc -l
[0.03197] >> git cat-file blob 4de80bb0c8ba8dbbc8ffc5f6cbac77e59d93ae97 | wc -l
[0.02617] >> git cat-file blob 405dd9528efab402120f1b04bec23f167f52b2fd | wc -l
[0.02424] >> git cat-file blob 45f355d36d886dd5e16a896bf38921ddfea10c10 | wc -l
[0.02764] >> git cat-file blob c80ca16187911bfd88fc8d4541064018653da608 | wc -l
[0.02603] >> git cat-file blob b8a37559396560cbb3cd9f02b90075178241935b | wc -l
[0.02289] >> git cat-file blob a178524600b2ed8c824f765e95bc35db7329ba92 | wc -l
[0.02487] >> git cat-file blob f706e166a67322112a7b88f709d5f02ef540c0b6 | wc -l
[0.02376] >> git cat-file blob 524f44e40b89212dbdaddea8237261f05bd2a900 | wc -l
[0.03669] >> git cat-file blob 405dd9528efab402120f1b04bec23f167f52b2fd | wc -l
[0.02458] >> git cat-file blob 632e6d05ad2f2fb15c613a1e5d166ce64cd1a1c1 | wc -l
[0.02606] >> git cat-file blob f096afa70816769732104d66c3c6e8fa3a7d407f | wc -l
[0.02517] >> git cat-file blob 70ff958ed4311030ee55208c513b6fd36a702ae6 | wc -l
[0.02388] >> git cat-file blob 6078ece2633e7b6b9cdfab44327240630bbc2ba6 | wc -l
[0.02512] >> git cat-file blob e6e53697fab24e1852cdcacd9622c7ddc762c57b | wc -l
[0.02611] >> git cat-file blob fb9639f026c04d6bc3a3742c88568b08883810fa | wc -l
[0.02354] >> git cat-file blob 101be070e551039c52dad8f3795ea1702b8f74a1 | wc -l
[0.02640] >> git cat-file blob b53a9e23cbf76cf4b247812b0457507ea74b4eb1 | wc -l
[0.02541] >> git cat-file blob 95f9560e70735d580e6fd3948bcd533e84bff184 | wc -l
[0.02663] >> git cat-file blob 0e4b56482589706dd13b5ed75b4a2a3eb809b8e6 | wc -l
[0.02594] >> git cat-file blob 5f74b27083e542991698576be183406356ba9a17 | wc -l
[0.02653] >> git cat-file blob fbdb19a0fdb20d582e6750adfcb76555692853c7 | wc -l
[0.02617] >> git cat-file blob 0ef1592b444f85d1abe9a1da9aba9a07808d007d | wc -l
[0.02596] >> git cat-file blob 5a0f1ebdcf1074c8db69e5f70b14287722905909 | wc -l
[0.02421] >> git cat-file blob 911f8ff3673b192bf4287959c234693ed036f283 | wc -l
[0.02345] >> git cat-file blob c92b1c168eb7ec6e35cafcee306828ff733de110 | wc -l
[0.02287] >> git cat-file blob a186a2f7272243b1dc50a8c2b93c0dc0ab3bd92f | wc -l
[0.02266] >> git cat-file blob 781f3abd1d7803a3394fb2b69e5dbab7e44696f0 | wc -l
[0.02179] >> git cat-file blob 9a2447a9adadc6f38cbf5130f0a15211991ff8a8 | wc -l
[0.02242] >> git cat-file blob 85af827b561117dcc977ec82bf790de85092500a | wc -l
[0.02263] >> git cat-file blob 1daf7d37f09a379ff8b4d3d8bf855b773867768b | wc -l
[0.02267] >> git cat-file blob e061f65a9a93eef922c3ab6233dd672deab4ad90 | wc -l
[0.02139] >> git cat-file blob d9a6f295940eb70e6bacae2762777c4eedadfc1d | wc -l
[0.02516] >> git cat-file blob fd7fa4d1f0889f217c9e76b2f0b1a1aca3ab0231 | wc -l
[0.02178] >> git cat-file blob 1f2be40c4d3a11f6b9f7b0beb5df57bac876b947 | wc -l
[0.02022] >> git cat-file blob dce885a299f3d3f9c284707e622d235febbbd981 | wc -l
[0.02096] >> git cat-file blob ed836ba0067364d3210f6f5dbc6489d04e148f51 | wc -l
[0.02179] >> git cat-file blob 04adb0867595ed75222513498add103a6e9c94da | wc -l
[0.03179] >> git cat-file blob 4e1188e9eab99c48b3e04910095190bd5f69f7f3 | wc -l
[0.02872] >> git cat-file blob 6ec7b354f2e5a85bca02819a6b76a3fb09615125 | wc -l
[0.02879] >> git cat-file blob deb3b7011464ff741ffe10c2e5efc92d5eb1802f | wc -l
[0.02750] >> git cat-file blob 4b49a7afb236c469f54bc472eaa76c86c2b7df91 | wc -l
[0.02667] >> git cat-file blob 740ba68cb72eecfc16283e66114cadd0f5f3c2c5 | wc -l
[0.02654] >> git cat-file blob 857e1e243c4977906d022144f2f47e6920bae8bd | wc -l
[0.02503] >> git cat-file blob 06092d63eb7b6feb404dda430fae5dbdf0ce22aa | wc -l
[0.02393] >> git cat-file blob 9e7f661aa125ff23925926c2ee35c51307f51550 | wc -l
[0.02714] >> git cat-file blob 55148f0daa1df5c9c84b029d55de0f16fdec5a0b | wc -l
[0.02606] >> git cat-file blob eb686e88993e164ceaf9142fbe951aaf6af4d653 | wc -l
[0.03381] >> git cat-file blob f5eef7ad2e783afc0730105d40af6ba23a568962 | wc -l
[0.02975] >> git cat-file blob 7738e76f97f7d5fd23f3f12c331a0b7f91ac71e5 | wc -l
[0.02483] >> git cat-file blob 2284e2827c3dbe4a402c628d5a0d77d065d9517d | wc -l
[0.02504] >> git cat-file blob 6c61cf02475b77f7c558220f5e6b0a7f7e3a47c3 | wc -l
[0.02648] >> git cat-file blob 822c0a95d9887e8def62d003675d54337cd9f18b | wc -l
[0.02380] >> git cat-file blob 4b518a0a140826a22f3a9f0fddaa637928ff03d8 | wc -l
[0.02329] >> git cat-file blob c89664d02e0d9014a8b35e6f189e5c643abb7162 | wc -l
[0.02176] >> git cat-file blob 1dcced17568b5213b689efd81c318b90704a2644 | wc -l
[0.02300] >> git cat-file blob cad7698938fe0c5d3fb02d43d746a743b4867f54 | wc -l
[0.03378] >> git cat-file blob ab1b3d28ee1e0105b0480b64e8ec611f702081ad | wc -l
[0.02472] >> git cat-file blob a537dccc742ad55637788be8dc9882b631b55342 | wc -l
[0.02610] >> git cat-file blob c4e60c5a57e54acee77612f8e54e194d934e83e0 | wc -l
[0.02428] >> git cat-file blob f6b730a5685e9bf7c5def994a6a5fe5a5111c91c | wc -l
[0.02703] >> git cat-file blob 23edc98eaaf68aff172dd5b538d06c292eeaeb4c | wc -l
[0.02645] >> git cat-file blob 7a34dae69c9a8d077dc04025d3652c99978c28f0 | wc -l
[0.02628] >> git cat-file blob 4e7b97e6e8c05c43ea932c1bf6fe62806fbc5a25 | wc -l
[0.02568] >> git cat-file blob 2b08209be12cc83fb6779f172b8c6826c0dca691 | wc -l
[0.02710] >> git cat-file blob 13ad6d5b84630a79c5391cd92c920fc78e98dc47 | wc -l
[0.02951] >> git cat-file blob 96b45a044548a795a81b44aa2c393250cfb04841 | wc -l
[0.02351] >> git cat-file blob ab4f6b3826884c8aa72ae904301aa7a58f1cd7bb | wc -l
[0.02657] >> git cat-file blob 0528de0580e302f4feb1c4bc4c04ec7194ef9e2c | wc -l
[0.02792] >> git cat-file blob 55e7860f389dcd234f4d37bdb3c2b4b062f8ad29 | wc -l
[0.02511] >> git cat-file blob 970921cd36dddf1b47265034ce77d7d10f59e790 | wc -l
[0.02480] >> git cat-file blob bbc8378b62af93465b6f37762dbba9091eeda34b | wc -l
[0.02386] >> git cat-file blob 9e5f2cbf88920c519efc407796793d08eeeda1d7 | wc -l
[0.02293] >> git cat-file blob 83799d8fa1471c8cfff6734a095a77f4c5893b21 | wc -l
[0.02294] >> git cat-file blob 8486dbfb595211ce75d53c525e743538a2ecdcd9 | wc -l
[0.02215] >> git cat-file blob 404b14945a8e08de9519ee51c90e67c3428024c7 | wc -l
[0.02371] >> git cat-file blob 6796b2de1775176141720d8a0ffbf7cd3356bda6 | wc -l
[0.02367] >> git cat-file blob 799e73c5a7bfdcb2d66fea3efb053906f79ae458 | wc -l
[0.02168] >> git cat-file blob f06ae032fc7058daa4e3a08a8f1a76e52b50e650 | wc -l
[0.02299] >> git cat-file blob 11c2d67a9f0b0f4e7fb9cc795a92d8f84b7d3ddd | wc -l
[0.02235] >> git cat-file blob dc3a6faa4f48bd642f755f9245d965b03891bb96 | wc -l
[0.02170] >> git cat-file blob 2b953e8f74f22f2e4625b69fce6294274f4d8029 | wc -l
[0.02199] >> git cat-file blob c256795740c37852e060824a37e486f210d26a9d | wc -l
[0.02138] >> git cat-file blob ef9cb334815c08c5e94a6e07c834ebad01b621a6 | wc -l
[0.02401] >> git cat-file blob 5e59e79a38a641422a153598a9eff320df81cbd8 | wc -l
[0.01862] >> git cat-file blob bdcf1ff7e9071d01ac39c8c4a6651380f90689cc | wc -l
fatal: not a git repository: '/private/var/tmp/_bazel_greg/5a3903bd8af21b75debc3e83e189ff0b/external/com_github_hoxu_gitstats/.git'
[0.18725] >> git log --shortstat --first-parent -m --pretty=format:"%at %aN" HEAD
[0.14543] >> git log --shortstat --date-order --pretty=format:"%at %aN" HEAD
Refining data...
Saving cache...
Generating report...
[0.01353] >> git --git-dir=/private/var/tmp/_bazel_greg/5a3903bd8af21b75debc3e83e189ff0b/external/com_github_hoxu_gitstats/.git --work-tree=/private/var/tmp/_bazel_greg/5a3903bd8af21b75debc3e83e189ff0b/external/com_github_hoxu_gitstats rev-parse --short HEAD
[0.01468] >> git --version
[0.03598] >> gnuplot --version
Generating graphs...
[0.06535] >> gnuplot "/Users/greg/aspect/bazel_git_stats/stats/bazelbuild/rules_foreign_cc/month_of_year.plot"
[0.06051] >> gnuplot "/Users/greg/aspect/bazel_git_stats/stats/bazelbuild/rules_foreign_cc/domains.plot"
[0.05551] >> gnuplot "/Users/greg/aspect/bazel_git_stats/stats/bazelbuild/rules_foreign_cc/hour_of_day.plot"
[0.08844] >> gnuplot "/Users/greg/aspect/bazel_git_stats/stats/bazelbuild/rules_foreign_cc/lines_of_code_by_author.plot"
[0.05784] >> gnuplot "/Users/greg/aspect/bazel_git_stats/stats/bazelbuild/rules_foreign_cc/day_of_week.plot"
[0.06111] >> gnuplot "/Users/greg/aspect/bazel_git_stats/stats/bazelbuild/rules_foreign_cc/commits_by_year_month.plot"
[0.06073] >> gnuplot "/Users/greg/aspect/bazel_git_stats/stats/bazelbuild/rules_foreign_cc/lines_of_code.plot"
[0.05909] >> gnuplot "/Users/greg/aspect/bazel_git_stats/stats/bazelbuild/rules_foreign_cc/commits_by_year.plot"
[0.08457] >> gnuplot "/Users/greg/aspect/bazel_git_stats/stats/bazelbuild/rules_foreign_cc/commits_by_author.plot"
[0.05600] >> gnuplot "/Users/greg/aspect/bazel_git_stats/stats/bazelbuild/rules_foreign_cc/files_by_date.plot"
Execution time 5.24030 secs, 1.97302 secs (37.65 %) in external commands)
You may now run:

   sensible-browser '/Users/greg/aspect/bazel_git_stats/stats/bazelbuild/rules_foreign_cc/index.html'

