Loading: 
Loading: 0 packages loaded
Analyzing: target @com_github_hoxu_gitstats//:gitstats (0 packages loaded, 0 targets configured)
INFO: Analyzed target @com_github_hoxu_gitstats//:gitstats (0 packages loaded, 0 targets configured).
INFO: Found 1 target...
[0 / 1] [Prepa] BazelWorkspaceStatusAction stable-status.txt
INFO: Elapsed time: 0.105s, Critical Path: 0.00s
INFO: 1 process: 1 internal.
INFO: Build completed successfully, 1 total action
INFO: Running command line: /private/var/tmp/_bazel_greg/5a3903bd8af21b75debc3e83e189ff0b/external/com_github_hoxu_gitstats/gitstats clones/bazelbuild/bazel_metrics stats/bazelbuild/bazel_metrics
INFO: Build completed successfully, 1 total action
[0.04025] >> gnuplot --version
Output path: /Users/greg/aspect/bazel_git_stats/stats/bazelbuild/bazel_metrics
Git path: clones/bazelbuild/bazel_metrics
Collecting data...
[0.02142] >> git shortlog -s HEAD | wc -l
[0.01571] >> git show-ref --tags
[0.01622] >> git rev-list --pretty=format:"%at %ai %aN <%aE>" HEAD | grep -v ^commit
[0.01605] >> git rev-list --pretty=format:"%at %T" HEAD | grep -v ^commit
[0.01738] >> git ls-tree -r --name-only "06984bc1fa49ff5e0553cd9b993894e0fd613232" | wc -l
[0.01785] >> git ls-tree -r --name-only "ef987fc3533510ddb01d103ed0bfe32a503fe0c9" | wc -l
[0.01823] >> git ls-tree -r --name-only "5cb696d9f29a4ffa9a023494160f725e28010349" | wc -l
[0.01939] >> git ls-tree -r -l -z HEAD
[0.02120] >> git cat-file blob 4f9d564311cfbf484be61eece506bae5b651c8b3 | wc -l
[0.04202] >> git cat-file blob cef717301df2db5b003870bfb0efc2e8a2d8c9c7 | wc -l
[0.02377] >> git cat-file blob 37ecda5ae7102af1c135ec69f148b634a5cb7b5f | wc -l
[0.02136] >> git cat-file blob 807bb8bf00ff8fe324c51ca4ff993b5bfa75e8f3 | wc -l
[0.01878] >> git cat-file blob 94cdae247c5d202d9088992ce3917a2e75d52ce0 | wc -l
[0.02250] >> git cat-file blob d645695673349e3947e8e5ae42332d0ac3164cd7 | wc -l
[0.04698] >> git cat-file blob 1a4f6dbbffec0300b6ed112acd999456ab74895c | wc -l
[0.02152] >> git cat-file blob 811cca3fabe7f88e36a9b528cb78c5058b5bf606 | wc -l
[0.04891] >> git cat-file blob 02cda8374fe09aef9aa643786d843fe5164603a7 | wc -l
[0.02124] >> git cat-file blob 4ed98e16531894cb0d32952c0558d58441d4dbcd | wc -l
[0.03009] >> git cat-file blob e9d953391bde5322ab70399e68145f17f44fee94 | wc -l
[0.01893] >> git cat-file blob 03eeddb64ca153f1596bdce478a8c02b69b11f0e | wc -l
[0.07097] >> git cat-file blob 8d4821fa34a36cfe227befa5b172fc09dcc40288 | wc -l
[0.05861] >> git cat-file blob b01253b410bdf8987a16c81dd2858d5dec61e9d4 | wc -l
[0.01769] >> git cat-file blob f45411c18352cfc9388c7672731eb2d4e4473e38 | wc -l
[0.05812] >> git cat-file blob 25d503fb6fc0bdb99d6df878b63928d8f7be656f | wc -l
[0.02623] >> git cat-file blob d48c25700333dbe929969a66cc2a2be73dc07779 | wc -l
fatal: not a git repository: '/private/var/tmp/_bazel_greg/5a3903bd8af21b75debc3e83e189ff0b/external/com_github_hoxu_gitstats/.git'
[0.18816] >> git log --shortstat --first-parent -m --pretty=format:"%at %aN" HEAD
[0.18742] >> git log --shortstat --date-order --pretty=format:"%at %aN" HEAD
Refining data...
Saving cache...
Generating report...
[0.01510] >> git --git-dir=/private/var/tmp/_bazel_greg/5a3903bd8af21b75debc3e83e189ff0b/external/com_github_hoxu_gitstats/.git --work-tree=/private/var/tmp/_bazel_greg/5a3903bd8af21b75debc3e83e189ff0b/external/com_github_hoxu_gitstats rev-parse --short HEAD
[0.01512] >> git --version
[0.04277] >> gnuplot --version
Generating graphs...
[0.06720] >> gnuplot "/Users/greg/aspect/bazel_git_stats/stats/bazelbuild/bazel_metrics/month_of_year.plot"
[0.05870] >> gnuplot "/Users/greg/aspect/bazel_git_stats/stats/bazelbuild/bazel_metrics/domains.plot"
[0.05869] >> gnuplot "/Users/greg/aspect/bazel_git_stats/stats/bazelbuild/bazel_metrics/hour_of_day.plot"
[0.06879] >> gnuplot "/Users/greg/aspect/bazel_git_stats/stats/bazelbuild/bazel_metrics/lines_of_code_by_author.plot"
[0.05810] >> gnuplot "/Users/greg/aspect/bazel_git_stats/stats/bazelbuild/bazel_metrics/day_of_week.plot"
[0.06220] >> gnuplot "/Users/greg/aspect/bazel_git_stats/stats/bazelbuild/bazel_metrics/commits_by_year_month.plot"
[0.06528] >> gnuplot "/Users/greg/aspect/bazel_git_stats/stats/bazelbuild/bazel_metrics/lines_of_code.plot"
[0.05730] >> gnuplot "/Users/greg/aspect/bazel_git_stats/stats/bazelbuild/bazel_metrics/commits_by_year.plot"
[0.06499] >> gnuplot "/Users/greg/aspect/bazel_git_stats/stats/bazelbuild/bazel_metrics/commits_by_author.plot"
[0.05807] >> gnuplot "/Users/greg/aspect/bazel_git_stats/stats/bazelbuild/bazel_metrics/files_by_date.plot"
Execution time 1.44764 secs, 1.19691 secs (82.68 %) in external commands)
You may now run:

   sensible-browser '/Users/greg/aspect/bazel_git_stats/stats/bazelbuild/bazel_metrics/index.html'

